<?xml version="1.0" encoding="utf-8"?>
<shfbBuild product="Sandcastle Help File Builder and Tools" version="2018.5.14.0" projectFile="D:\Projets\Hummingbird ALM\Hummingbird ALM\Hummingbird.TestFramework.Doc\Hummingbird.Doc.shfbproj" started="13/08/2018 10:59:03">
<buildStep step="Initializing">
Finding tools...
The Sandcastle tools are located in &#39;C:\Program Files (x86)\EWSoftware\Sandcastle Help File Builder\&#39;
Locating components in the following folder(s):
    D:\Projets\Hummingbird ALM\Hummingbird ALM\Hummingbird.TestFramework.Doc
    C:\ProgramData\EWSoftware\Sandcastle Help File Builder\Components and Plug-Ins\
    C:\Program Files (x86)\EWSoftware\Sandcastle Help File Builder\
Using framework reflection data for &#39;.NET Framework 4.5&#39; located in &#39;C:\Program Files (x86)\EWSoftware\Sandcastle Help File Builder\Data\.NETFramework&#39;
Using presentation style &#39;VS2013&#39; located in &#39;C:\Program Files (x86)\EWSoftware\Sandcastle Help File Builder\PresentationStyles\VS2013&#39;
Loading and initializing plug-ins...
Additional Content Only plug-in is disabled and will not be loaded
Additional Reference Links Version 2018.5.14.0
Copyright &#169; 2006-2018, Eric Woodruff, All Rights Reserved
Lightweight Website Style Version 2018.5.14.0
Copyright &#169; 2006-2018, Eric Woodruff, All Rights Reserved
Portions Copyright &#169; 2014, Sam Harwell, All Rights Reserved
-------------------------------
Clearing any prior web/markdown output...
    Did not delete folder &#39;D:\Projets\Github\hummingbird.testframework.doc\.git&#39; as it contains read-only or hidden folders/files
</buildStep>
<buildStep step="ValidatingDocumentationSources">
Validating and copying documentation source information
Source: D:\Projets\Hummingbird ALM\Hummingbird ALM\Hummingbird.TestFramework\Hummingbird.TestFramework.csproj
    Found project &#39;D:\Projets\Hummingbird ALM\Hummingbird ALM\Hummingbird.TestFramework\Hummingbird.TestFramework.csproj&#39;

Parsing project files
    Found assembly &#39;D:\Projets\Hummingbird ALM\Hummingbird ALM\Hummingbird.TestFramework\bin\Debug\Hummingbird.TestFramework.dll&#39;

References to include (excluding framework assemblies):
    ClosedXML, Version=0.93.0.0, Culture=neutral, processorArchitecture=MSIL
    DocumentFormat.OpenXml, Version=2.8.1.0, Culture=neutral, PublicKeyToken=8fb06cb64d019a17, processorArchitecture=MSIL
    ExcelNumberFormat, Version=1.0.3.0, Culture=neutral, PublicKeyToken=23c6f5d73be07eca, processorArchitecture=MSIL
    FastMember.Signed, Version=1.3.0.0, Culture=neutral, PublicKeyToken=9e8f22703bef9a29, processorArchitecture=MSIL
    Hummingbird.UI, Version=1.0.6775.1725, Culture=neutral, processorArchitecture=MSIL
    Newtonsoft.Json, Version=11.0.0.0, Culture=neutral, PublicKeyToken=30ad4fe6b2a6aeed, processorArchitecture=MSIL

Copying XML comments files
    D:\Projets\Hummingbird ALM\Hummingbird ALM\Hummingbird.TestFramework\bin\Debug\Hummingbird.TestFramework.XML -&gt; D:\Projets\Github\hummingbird.testframework.doc\Working\Hummingbird.TestFramework.XML
</buildStep>
<buildStep step="GenerateSharedContent">
Generating shared content files (en-US, English (United States))...
<plugIn name="Lightweight Website Style" behavior="After" priority="1000">
</plugIn>    Last step completed in 00:00:00,0401
</buildStep>
<buildStep step="GenerateApiFilter">
Generating API filter for MRefBuilder...
    Last step completed in 00:00:00,0160
</buildStep>
<buildStep step="GenerateReflectionInfo">
Generating reflection information...
[C:\Program Files (x86)\Microsoft Visual Studio\2017\Enterprise\MSBuild\15.0\Bin\MSBuild.exe - GenerateRefInfo.proj]
Build started 13/08/2018 10:59:08.
Project &quot;D:\Projets\Github\hummingbird.testframework.doc\Working\GenerateRefInfo.proj&quot; on node 1 (default targets).
PrepareForBuild:
  Creating directory &quot;obj\Debug\&quot;.
GenerateRefInfo:
  MRefBuilder (v2018.5.14.0)
  Copyright ? 2006-2018, Microsoft Corporation, All Rights Reserved.
  Portions Copyright ? 2006-2018, Eric Woodruff, All Rights Reserved.
  No source code context base path specified.  Source context information is unavailable.
  Loaded 1 assemblies for reflection and 7 dependency assemblies.
  Wrote information on 14 namespaces, 180 types, and 1173 members
  Copying file from &quot;reflection.org&quot; to &quot;reflection.all&quot;.
  XslTransform (v2018.5.14.0)
  Copyright ? 2006-2018, Microsoft Corporation, All Rights Reserved.
  Portions Copyright ? 2006-2018, Eric Woodruff, All Rights Reserved.
  Applying XSL transformation &#39;C:\Program Files (x86)\EWSoftware\Sandcastle Help File Builder\ProductionTransforms\MergeDuplicates.xsl&#39;.
Done Building Project &quot;D:\Projets\Github\hummingbird.testframework.doc\Working\GenerateRefInfo.proj&quot; (default targets).
    Last step completed in 00:00:03,7370
</buildStep>
<buildStep step="TransformReflectionInfo">
Transforming reflection output...
[C:\Program Files (x86)\Microsoft Visual Studio\2017\Enterprise\MSBuild\15.0\Bin\MSBuild.exe - TransformManifest.proj]
Build started 13/08/2018 10:59:11.
Project &quot;D:\Projets\Github\hummingbird.testframework.doc\Working\TransformManifest.proj&quot; on node 1 (default targets).
TransformManifest:
  XslTransform (v2018.5.14.0)
  Copyright ? 2006-2018, Microsoft Corporation, All Rights Reserved.
  Portions Copyright ? 2006-2018, Eric Woodruff, All Rights Reserved.
  Applying XSL transformation &#39;C:\Program Files (x86)\EWSoftware\Sandcastle Help File Builder\\ProductionTransforms\ApplyVSDocModel.xsl&#39;.
  Copying file from &quot;reflection.xml&quot; to &quot;reflection.ungrouped&quot;.
  AddNamespaceGroups (v2018.5.14.0)
  Copyright ? 2006-2018, Eric Woodruff, All Rights Reserved
  Added 1 namespace group entries
  Copying file from &quot;reflection.xml&quot; to &quot;reflection.nofilenames&quot;.
  XslTransform (v2018.5.14.0)
  Copyright ? 2006-2018, Microsoft Corporation, All Rights Reserved.
  Portions Copyright ? 2006-2018, Eric Woodruff, All Rights Reserved.
  Applying XSL transformation &#39;C:\Program Files (x86)\EWSoftware\Sandcastle Help File Builder\ProductionTransforms\AddFilenames.xsl&#39;.
    Unique name M_Hummingbird_TestFramework_ExtensionMethods_AddItem_1 generated for M:Hummingbird.TestFramework.ExtensionMethods.AddItem(System.Collections.Generic.IList{Hummingbird.TestFramework.Variable},System.String,System.String)
    Unique name M_Hummingbird_TestFramework_Log_WriteMessage_1 generated for M:Hummingbird.TestFramework.Log.WriteMessage(Hummingbird.TestFramework.LogMessage)
    Unique name M_Hummingbird_TestFramework_Utilities_ParseObject_1 generated for M:Hummingbird.TestFramework.Utilities.ParseObject(System.String,Hummingbird.TestFramework.Automation.AbstractTestItem)
    Unique name M_Hummingbird_TestFramework_Utilities_ParseObject_2 generated for M:Hummingbird.TestFramework.Utilities.ParseObject(System.String,System.Object,Hummingbird.TestFramework.Services.AbstractMetadata)
    Unique name M_Hummingbird_TestFramework_Variable__ctor_1 generated for M:Hummingbird.TestFramework.Variable.#ctor(System.String,System.String)
    Unique name M_Hummingbird_TestFramework_Version__ctor_1 generated for M:Hummingbird.TestFramework.Version.#ctor(System.Int32,System.Int32)
    Unique name M_Hummingbird_TestFramework_Version__ctor_2 generated for M:Hummingbird.TestFramework.Version.#ctor(System.Int32,System.Int32,System.Int32)
    Unique name M_Hummingbird_TestFramework_Version__ctor_3 generated for M:Hummingbird.TestFramework.Version.#ctor(System.Version)
    Unique name M_Hummingbird_TestFramework_Automation_AbstractTestItem_Dispose_1 generated for M:Hummingbird.TestFramework.Automation.AbstractTestItem.Dispose(System.Boolean)
    Unique name M_Hummingbird_TestFramework_Automation_DataSource_Dispose_1 generated for M:Hummingbird.TestFramework.Automation.DataSource.Dispose(System.Boolean)
    Unique name M_Hummingbird_TestFramework_Automation_TestStepBase_Run_1 generated for M:Hummingbird.TestFramework.Automation.TestStepBase.Run(System.Int64,Hummingbird.TestFramework.Automation.TestCase,System.Collections.Generic.List{Hummingbird.TestFramework.Variable},Hummingbird.TestFramework.Configuration.Profile)
    Unique name M_Hummingbird_TestFramework_Automation_ResponseConditions_ResponseCondition_ToString_1 generated for M:Hummingbird.TestFramework.Automation.ResponseConditions.ResponseCondition.ToString(System.Int32)
    Unique name M_Hummingbird_TestFramework_Configuration_Profile_Save_1 generated for M:Hummingbird.TestFramework.Configuration.Profile.Save(System.String)
    Unique name M_Hummingbird_TestFramework_Configuration_Profile_SetActiveEnvironment_1 generated for M:Hummingbird.TestFramework.Configuration.Profile.SetActiveEnvironment(System.String)
    Unique name M_Hummingbird_TestFramework_Configuration_Settings_Save_1 generated for M:Hummingbird.TestFramework.Configuration.Settings.Save(System.String)
    Unique name M_Hummingbird_TestFramework_Extensibility_ObjectEditorBase__ctor_1 generated for M:Hummingbird.TestFramework.Extensibility.ObjectEditorBase.#ctor(Hummingbird.TestFramework.Serialization.AbstractSerializer)
    Unique name M_Hummingbird_TestFramework_Extensibility_ObjectEditorBase__ctor_2 generated for M:Hummingbird.TestFramework.Extensibility.ObjectEditorBase.#ctor(Hummingbird.TestFramework.Serialization.AbstractSerializer,Hummingbird.TestFramework.Automation.AbstractTestItem)
    Unique name M_Hummingbird_TestFramework_Extensibility_ObjectEditorBase_Sync_1 generated for M:Hummingbird.TestFramework.Extensibility.ObjectEditorBase.Sync(System.Int32)
    Unique name M_Hummingbird_TestFramework_Messaging_Message_Dispose_1 generated for M:Hummingbird.TestFramework.Messaging.Message.Dispose(System.Boolean)
    Unique name M_Hummingbird_TestFramework_Serialization_AbstractSerializer_Deserialize_1 generated for M:Hummingbird.TestFramework.Serialization.AbstractSerializer.Deserialize(System.String,System.Type,Hummingbird.TestFramework.Services.AbstractMetadata,System.Collections.Generic.List{Hummingbird.TestFramework.Serialization.SerializationException})
    Unique name M_Hummingbird_TestFramework_Serialization_AbstractSerializer_Serialize_1 generated for M:Hummingbird.TestFramework.Serialization.AbstractSerializer.Serialize(System.Object,System.Type,Hummingbird.TestFramework.Services.AbstractMetadata)
    Unique name M_Hummingbird_TestFramework_Services_HttpResponseEditor__ctor_1 generated for M:Hummingbird.TestFramework.Services.HttpResponseEditor.#ctor(Hummingbird.TestFramework.Automation.AbstractTestItem)
    Unique name M_Hummingbird_TestFramework_Services_QueryFieldAttribute__ctor_1 generated for M:Hummingbird.TestFramework.Services.QueryFieldAttribute.#ctor(System.String,Hummingbird.TestFramework.Services.QueryFieldFormat)
    Unique name M_Hummingbird_TestFramework_Services_SoapBindings_GetBasicHttpBinding_1 generated for M:Hummingbird.TestFramework.Services.SoapBindings.GetBasicHttpBinding(Hummingbird.TestFramework.Services.RequestOptions,Hummingbird.TestFramework.Services.ProxyMode,System.Boolean,System.ServiceModel.WSMessageEncoding)
  XslTransform (v2018.5.14.0)
  Copyright ? 2006-2018, Microsoft Corporation, All Rights Reserved.
  Portions Copyright ? 2006-2018, Eric Woodruff, All Rights Reserved.
  Applying XSL transformation &#39;C:\Program Files (x86)\EWSoftware\Sandcastle Help File Builder\ProductionTransforms\ReflectionToManifest.xsl&#39;.
Done Building Project &quot;D:\Projets\Github\hummingbird.testframework.doc\Working\TransformManifest.proj&quot; (default targets).
    Last step completed in 00:00:05,0148
</buildStep>
<buildStep step="GenerateNamespaceSummaries">
Generating namespace summary information...
<plugIn name="Additional Reference Links" behavior="Before" priority="1000">
Performing partial builds on additional targets&#39; projects

Building D:\Projets\Hummingbird.UI\Hummingbird.UI.Docs\Hummingbird.UI.Doc.shfbproj
Initializing
ValidatingDocumentationSources
GenerateSharedContent
GenerateApiFilter
GenerateReflectionInfo
TransformReflectionInfo
Completed
</plugIn>    Last step completed in 00:00:03,0726
</buildStep>
<buildStep step="GenerateInheritedDocumentation">
Generating inherited documentation...
<plugIn name="Additional Reference Links" behavior="Before" priority="1000">
Adding references to D:\Projets\Github\hummingbird.testframework.doc\Working\GenerateInheritedDocs.config...
</plugIn>[C:\Program Files (x86)\Microsoft Visual Studio\2017\Enterprise\MSBuild\15.0\Bin\MSBuild.exe - GenerateInheritedDocs.proj]
Sandcastle Help File Builder and Tools, version 2018.5.14.0
Copyright ? 2006-2018, Eric Woodruff, All Rights Reserved
E-Mail: Eric@EWoodruff.us

Reflection information will be retrieved from &#39;reflection.xml&#39;
Reflection information will be retrieved from &#39;D:\Projets\Github\hummingbird.testframework.doc\Working\279BCA0E\reflection.xml&#39;
Inherited documentation will be written to &#39;_InheritedDocs_.xml&#39;
Indexing C:\Program Files (x86)\Reference Assemblies\Microsoft\Framework\.NETFramework\v4.5\*.xml
Indexing C:\Program Files (x86)\Reference Assemblies\Microsoft\FSharp\.NETFramework\v4.0\4.3.1.0\*.xml
Indexing D:\Projets\Github\hummingbird.testframework.doc\Working\Newtonsoft.Json.xml
Indexing D:\Projets\Github\hummingbird.testframework.doc\Working\Hummingbird.UI.xml
Indexing D:\Projets\Github\hummingbird.testframework.doc\Working\ExcelNumberFormat.xml
Indexing D:\Projets\Github\hummingbird.testframework.doc\Working\DocumentFormat.OpenXml.xml
Indexing D:\Projets\Github\hummingbird.testframework.doc\Working\ClosedXML.xml
Indexing D:\Projets\Github\hummingbird.testframework.doc\Working\279BCA0E\Hummingbird.UI.XML
Indexing D:\Projets\Github\hummingbird.testframework.doc\Working\Hummingbird.TestFramework.XML
Indexed 200878 members in 128 file(s).  7 file(s) to scan for &lt;inheritdoc /&gt; tags.
Merging inherited documentation...


Documentation merged successfully
    Last step completed in 00:00:01,8127
</buildStep>
<buildStep step="CopyConceptualContent">
Copying conceptual content...
Copying standard token shared content file...
Checking for other token files...
Checking for code snippets files...
Copying images and creating the media map file...
    D:\Projets\Hummingbird ALM\Hummingbird ALM\Hummingbird.TestFramework.Doc\media\image001.png -&gt; D:\Projets\Github\hummingbird.testframework.doc\Working\media\image001.png
    D:\Projets\Hummingbird ALM\Hummingbird ALM\Hummingbird.TestFramework.Doc\media\image001.png -&gt; D:\Projets\Github\hummingbird.testframework.doc\Working\Output\Website\media\image001.png (Always copied)
    D:\Projets\Hummingbird ALM\Hummingbird ALM\Hummingbird.TestFramework.Doc\media\image002.png -&gt; D:\Projets\Github\hummingbird.testframework.doc\Working\media\image002.png
    D:\Projets\Hummingbird ALM\Hummingbird ALM\Hummingbird.TestFramework.Doc\media\image002.png -&gt; D:\Projets\Github\hummingbird.testframework.doc\Working\Output\Website\media\image002.png (Always copied)
    D:\Projets\Hummingbird ALM\Hummingbird ALM\Hummingbird.TestFramework.Doc\media\image003.png -&gt; D:\Projets\Github\hummingbird.testframework.doc\Working\media\image003.png
    D:\Projets\Hummingbird ALM\Hummingbird ALM\Hummingbird.TestFramework.Doc\media\image003.png -&gt; D:\Projets\Github\hummingbird.testframework.doc\Working\Output\Website\media\image003.png (Always copied)
    D:\Projets\Hummingbird ALM\Hummingbird ALM\Hummingbird.TestFramework.Doc\media\image004.png -&gt; D:\Projets\Github\hummingbird.testframework.doc\Working\media\image004.png
    D:\Projets\Hummingbird ALM\Hummingbird ALM\Hummingbird.TestFramework.Doc\media\image004.png -&gt; D:\Projets\Github\hummingbird.testframework.doc\Working\Output\Website\media\image004.png (Always copied)
    D:\Projets\Hummingbird ALM\Hummingbird ALM\Hummingbird.TestFramework.Doc\media\image005.png -&gt; D:\Projets\Github\hummingbird.testframework.doc\Working\media\image005.png
    D:\Projets\Hummingbird ALM\Hummingbird ALM\Hummingbird.TestFramework.Doc\media\image005.png -&gt; D:\Projets\Github\hummingbird.testframework.doc\Working\Output\Website\media\image005.png (Always copied)
    D:\Projets\Hummingbird ALM\Hummingbird ALM\Hummingbird.TestFramework.Doc\media\image006.png -&gt; D:\Projets\Github\hummingbird.testframework.doc\Working\media\image006.png
    D:\Projets\Hummingbird ALM\Hummingbird ALM\Hummingbird.TestFramework.Doc\media\image006.png -&gt; D:\Projets\Github\hummingbird.testframework.doc\Working\Output\Website\media\image006.png (Always copied)
    D:\Projets\Hummingbird ALM\Hummingbird ALM\Hummingbird.TestFramework.Doc\media\image007.png -&gt; D:\Projets\Github\hummingbird.testframework.doc\Working\media\image007.png
    D:\Projets\Hummingbird ALM\Hummingbird ALM\Hummingbird.TestFramework.Doc\media\image007.png -&gt; D:\Projets\Github\hummingbird.testframework.doc\Working\Output\Website\media\image007.png (Always copied)
    D:\Projets\Hummingbird ALM\Hummingbird ALM\Hummingbird.TestFramework.Doc\media\image008.png -&gt; D:\Projets\Github\hummingbird.testframework.doc\Working\media\image008.png
    D:\Projets\Hummingbird ALM\Hummingbird ALM\Hummingbird.TestFramework.Doc\media\image008.png -&gt; D:\Projets\Github\hummingbird.testframework.doc\Working\Output\Website\media\image008.png (Always copied)
    D:\Projets\Hummingbird ALM\Hummingbird ALM\Hummingbird.TestFramework.Doc\media\image009.png -&gt; D:\Projets\Github\hummingbird.testframework.doc\Working\media\image009.png
    D:\Projets\Hummingbird ALM\Hummingbird ALM\Hummingbird.TestFramework.Doc\media\image009.png -&gt; D:\Projets\Github\hummingbird.testframework.doc\Working\Output\Website\media\image009.png (Always copied)
    D:\Projets\Hummingbird ALM\Hummingbird ALM\Hummingbird.TestFramework.Doc\media\image010.png -&gt; D:\Projets\Github\hummingbird.testframework.doc\Working\media\image010.png
    D:\Projets\Hummingbird ALM\Hummingbird ALM\Hummingbird.TestFramework.Doc\media\image010.png -&gt; D:\Projets\Github\hummingbird.testframework.doc\Working\Output\Website\media\image010.png (Always copied)
    D:\Projets\Hummingbird ALM\Hummingbird ALM\Hummingbird.TestFramework.Doc\media\image011.png -&gt; D:\Projets\Github\hummingbird.testframework.doc\Working\media\image011.png
    D:\Projets\Hummingbird ALM\Hummingbird ALM\Hummingbird.TestFramework.Doc\media\image011.png -&gt; D:\Projets\Github\hummingbird.testframework.doc\Working\Output\Website\media\image011.png (Always copied)
    D:\Projets\Hummingbird ALM\Hummingbird ALM\Hummingbird.TestFramework.Doc\media\image012.png -&gt; D:\Projets\Github\hummingbird.testframework.doc\Working\media\image012.png
    D:\Projets\Hummingbird ALM\Hummingbird ALM\Hummingbird.TestFramework.Doc\media\image012.png -&gt; D:\Projets\Github\hummingbird.testframework.doc\Working\Output\Website\media\image012.png (Always copied)
    D:\Projets\Hummingbird ALM\Hummingbird ALM\Hummingbird.TestFramework.Doc\media\image013.png -&gt; D:\Projets\Github\hummingbird.testframework.doc\Working\media\image013.png
    D:\Projets\Hummingbird ALM\Hummingbird ALM\Hummingbird.TestFramework.Doc\media\image013.png -&gt; D:\Projets\Github\hummingbird.testframework.doc\Working\Output\Website\media\image013.png (Always copied)
    D:\Projets\Hummingbird ALM\Hummingbird ALM\Hummingbird.TestFramework.Doc\media\image014.png -&gt; D:\Projets\Github\hummingbird.testframework.doc\Working\media\image014.png
    D:\Projets\Hummingbird ALM\Hummingbird ALM\Hummingbird.TestFramework.Doc\media\image014.png -&gt; D:\Projets\Github\hummingbird.testframework.doc\Working\Output\Website\media\image014.png (Always copied)
    D:\Projets\Hummingbird ALM\Hummingbird ALM\Hummingbird.TestFramework.Doc\media\image015.png -&gt; D:\Projets\Github\hummingbird.testframework.doc\Working\media\image015.png
    D:\Projets\Hummingbird ALM\Hummingbird ALM\Hummingbird.TestFramework.Doc\media\image015.png -&gt; D:\Projets\Github\hummingbird.testframework.doc\Working\Output\Website\media\image015.png (Always copied)
    D:\Projets\Hummingbird ALM\Hummingbird ALM\Hummingbird.TestFramework.Doc\media\image016.png -&gt; D:\Projets\Github\hummingbird.testframework.doc\Working\media\image016.png
    D:\Projets\Hummingbird ALM\Hummingbird ALM\Hummingbird.TestFramework.Doc\media\image016.png -&gt; D:\Projets\Github\hummingbird.testframework.doc\Working\Output\Website\media\image016.png (Always copied)
    D:\Projets\Hummingbird ALM\Hummingbird ALM\Hummingbird.TestFramework.Doc\media\image017.png -&gt; D:\Projets\Github\hummingbird.testframework.doc\Working\media\image017.png
    D:\Projets\Hummingbird ALM\Hummingbird ALM\Hummingbird.TestFramework.Doc\media\image017.png -&gt; D:\Projets\Github\hummingbird.testframework.doc\Working\Output\Website\media\image017.png (Always copied)
    D:\Projets\Hummingbird ALM\Hummingbird ALM\Hummingbird.TestFramework.Doc\media\image018.png -&gt; D:\Projets\Github\hummingbird.testframework.doc\Working\media\image018.png
    D:\Projets\Hummingbird ALM\Hummingbird ALM\Hummingbird.TestFramework.Doc\media\image018.png -&gt; D:\Projets\Github\hummingbird.testframework.doc\Working\Output\Website\media\image018.png (Always copied)
    D:\Projets\Hummingbird ALM\Hummingbird ALM\Hummingbird.TestFramework.Doc\media\image019.png -&gt; D:\Projets\Github\hummingbird.testframework.doc\Working\media\image019.png
    D:\Projets\Hummingbird ALM\Hummingbird ALM\Hummingbird.TestFramework.Doc\media\image019.png -&gt; D:\Projets\Github\hummingbird.testframework.doc\Working\Output\Website\media\image019.png (Always copied)
    D:\Projets\Hummingbird ALM\Hummingbird ALM\Hummingbird.TestFramework.Doc\media\image020.png -&gt; D:\Projets\Github\hummingbird.testframework.doc\Working\media\image020.png
    D:\Projets\Hummingbird ALM\Hummingbird ALM\Hummingbird.TestFramework.Doc\media\image020.png -&gt; D:\Projets\Github\hummingbird.testframework.doc\Working\Output\Website\media\image020.png (Always copied)
    D:\Projets\Hummingbird ALM\Hummingbird ALM\Hummingbird.TestFramework.Doc\media\image021.png -&gt; D:\Projets\Github\hummingbird.testframework.doc\Working\media\image021.png
    D:\Projets\Hummingbird ALM\Hummingbird ALM\Hummingbird.TestFramework.Doc\media\image021.png -&gt; D:\Projets\Github\hummingbird.testframework.doc\Working\Output\Website\media\image021.png (Always copied)
    D:\Projets\Hummingbird ALM\Hummingbird ALM\Hummingbird.TestFramework.Doc\media\image022.png -&gt; D:\Projets\Github\hummingbird.testframework.doc\Working\media\image022.png
    D:\Projets\Hummingbird ALM\Hummingbird ALM\Hummingbird.TestFramework.Doc\media\image022.png -&gt; D:\Projets\Github\hummingbird.testframework.doc\Working\Output\Website\media\image022.png (Always copied)
    D:\Projets\Hummingbird ALM\Hummingbird ALM\Hummingbird.TestFramework.Doc\media\image023.png -&gt; D:\Projets\Github\hummingbird.testframework.doc\Working\media\image023.png
    D:\Projets\Hummingbird ALM\Hummingbird ALM\Hummingbird.TestFramework.Doc\media\image023.png -&gt; D:\Projets\Github\hummingbird.testframework.doc\Working\Output\Website\media\image023.png (Always copied)
    D:\Projets\Hummingbird ALM\Hummingbird ALM\Hummingbird.TestFramework.Doc\media\openreport.png -&gt; D:\Projets\Github\hummingbird.testframework.doc\Working\media\openreport.png
    D:\Projets\Hummingbird ALM\Hummingbird ALM\Hummingbird.TestFramework.Doc\media\openreport.png -&gt; D:\Projets\Github\hummingbird.testframework.doc\Working\Output\Website\media\openreport.png (Always copied)
    D:\Projets\Hummingbird ALM\Hummingbird ALM\Hummingbird.TestFramework.Doc\media\rv.png -&gt; D:\Projets\Github\hummingbird.testframework.doc\Working\media\rv.png
    D:\Projets\Hummingbird ALM\Hummingbird ALM\Hummingbird.TestFramework.Doc\media\rv.png -&gt; D:\Projets\Github\hummingbird.testframework.doc\Working\Output\Website\media\rv.png (Always copied)
    D:\Projets\Hummingbird ALM\Hummingbird ALM\Hummingbird.TestFramework.Doc\media\selectservice.png -&gt; D:\Projets\Github\hummingbird.testframework.doc\Working\media\selectservice.png
    D:\Projets\Hummingbird ALM\Hummingbird ALM\Hummingbird.TestFramework.Doc\media\selectservice.png -&gt; D:\Projets\Github\hummingbird.testframework.doc\Working\Output\Website\media\selectservice.png (Always copied)
    D:\Projets\Hummingbird ALM\Hummingbird ALM\Hummingbird.TestFramework.Doc\media\SendRequest.png -&gt; D:\Projets\Github\hummingbird.testframework.doc\Working\media\SendRequest.png
    D:\Projets\Hummingbird ALM\Hummingbird ALM\Hummingbird.TestFramework.Doc\media\SendRequest.png -&gt; D:\Projets\Github\hummingbird.testframework.doc\Working\Output\Website\media\SendRequest.png (Always copied)
    D:\Projets\Hummingbird ALM\Hummingbird ALM\Hummingbird.TestFramework.Doc\media\ServerReplies.png -&gt; D:\Projets\Github\hummingbird.testframework.doc\Working\media\ServerReplies.png
    D:\Projets\Hummingbird ALM\Hummingbird ALM\Hummingbird.TestFramework.Doc\media\ServerReplies.png -&gt; D:\Projets\Github\hummingbird.testframework.doc\Working\Output\Website\media\ServerReplies.png (Always copied)
    D:\Projets\Hummingbird ALM\Hummingbird ALM\Hummingbird.TestFramework.Doc\media\serviceselector.png -&gt; D:\Projets\Github\hummingbird.testframework.doc\Working\media\serviceselector.png
    D:\Projets\Hummingbird ALM\Hummingbird ALM\Hummingbird.TestFramework.Doc\media\startservice.png -&gt; D:\Projets\Github\hummingbird.testframework.doc\Working\media\startservice.png
    D:\Projets\Hummingbird ALM\Hummingbird ALM\Hummingbird.TestFramework.Doc\media\startservice.png -&gt; D:\Projets\Github\hummingbird.testframework.doc\Working\Output\Website\media\startservice.png (Always copied)
    D:\Projets\Hummingbird ALM\Hummingbird ALM\Hummingbird.TestFramework.Doc\media\uac.png -&gt; D:\Projets\Github\hummingbird.testframework.doc\Working\media\uac.png
    D:\Projets\Hummingbird ALM\Hummingbird ALM\Hummingbird.TestFramework.Doc\media\uac.png -&gt; D:\Projets\Github\hummingbird.testframework.doc\Working\Output\Website\media\uac.png (Always copied)
Generating conceptual topic files
    Parsing topic file &#39;D:\Projets\Hummingbird ALM\Hummingbird ALM\Hummingbird.TestFramework.Doc\Content\Introduction.aml&#39;
    D:\Projets\Hummingbird ALM\Hummingbird ALM\Hummingbird.TestFramework.Doc\Content\Introduction.aml -&gt; D:\Projets\Github\hummingbird.testframework.doc\Working\ddueXml\adfed5fa-e082-4cef-a125-8136797ca112.xml
    Parsing topic file &#39;D:\Projets\Hummingbird ALM\Hummingbird ALM\Hummingbird.TestFramework.Doc\Content\Installation.aml&#39;
    D:\Projets\Hummingbird ALM\Hummingbird ALM\Hummingbird.TestFramework.Doc\Content\Installation.aml -&gt; D:\Projets\Github\hummingbird.testframework.doc\Working\ddueXml\cc0c083a-e518-476d-96fb-d94ba4226850.xml
    Parsing topic file &#39;D:\Projets\Hummingbird ALM\Hummingbird ALM\Hummingbird.TestFramework.Doc\Content\License.aml&#39;
    D:\Projets\Hummingbird ALM\Hummingbird ALM\Hummingbird.TestFramework.Doc\Content\License.aml -&gt; D:\Projets\Github\hummingbird.testframework.doc\Working\ddueXml\90f2a62a-20d7-4233-b77b-1fc20d853438.xml
    Parsing topic file &#39;D:\Projets\Hummingbird ALM\Hummingbird ALM\Hummingbird.TestFramework.Doc\Content\Installation\ClickOnce.aml&#39;
    D:\Projets\Hummingbird ALM\Hummingbird ALM\Hummingbird.TestFramework.Doc\Content\Installation\ClickOnce.aml -&gt; D:\Projets\Github\hummingbird.testframework.doc\Working\ddueXml\a95ea83d-733b-4a07-b290-438514fbcbb5.xml
    Parsing topic file &#39;D:\Projets\Hummingbird ALM\Hummingbird ALM\Hummingbird.TestFramework.Doc\Content\Installation\WindowsInstaller.aml&#39;
    D:\Projets\Hummingbird ALM\Hummingbird ALM\Hummingbird.TestFramework.Doc\Content\Installation\WindowsInstaller.aml -&gt; D:\Projets\Github\hummingbird.testframework.doc\Working\ddueXml\f7a36b1b-4cf2-4130-99c9-460787e5b2fe.xml
    Parsing topic file &#39;D:\Projets\Hummingbird ALM\Hummingbird ALM\Hummingbird.TestFramework.Doc\Content\Installation\Zip Archive.aml&#39;
    D:\Projets\Hummingbird ALM\Hummingbird ALM\Hummingbird.TestFramework.Doc\Content\Installation\Zip Archive.aml -&gt; D:\Projets\Github\hummingbird.testframework.doc\Working\ddueXml\cb60599c-39e3-48df-b079-03533657ba3a.xml
    Parsing topic file &#39;D:\Projets\Hummingbird ALM\Hummingbird ALM\Hummingbird.TestFramework.Doc\Content\HummingbirdApp.aml&#39;
    D:\Projets\Hummingbird ALM\Hummingbird ALM\Hummingbird.TestFramework.Doc\Content\HummingbirdApp.aml -&gt; D:\Projets\Github\hummingbird.testframework.doc\Working\ddueXml\b7e96bd4-1139-4eaf-bab6-1376c4cf7a39.xml
    Parsing topic file &#39;D:\Projets\Hummingbird ALM\Hummingbird ALM\Hummingbird.TestFramework.Doc\Content\HummingbirdApp\ManualTesting.aml&#39;
    D:\Projets\Hummingbird ALM\Hummingbird ALM\Hummingbird.TestFramework.Doc\Content\HummingbirdApp\ManualTesting.aml -&gt; D:\Projets\Github\hummingbird.testframework.doc\Working\ddueXml\ab9e58ea-f1c6-4564-ae2a-674b49dbe40e.xml
    Parsing topic file &#39;D:\Projets\Hummingbird ALM\Hummingbird ALM\Hummingbird.TestFramework.Doc\Content\HummingbirdApp\ManualTesting\OrganizationServices.aml&#39;
    D:\Projets\Hummingbird ALM\Hummingbird ALM\Hummingbird.TestFramework.Doc\Content\HummingbirdApp\ManualTesting\OrganizationServices.aml -&gt; D:\Projets\Github\hummingbird.testframework.doc\Working\ddueXml\c261a1c4-a8f3-4396-a437-342927926842.xml
    Parsing topic file &#39;D:\Projets\Hummingbird ALM\Hummingbird ALM\Hummingbird.TestFramework.Doc\Content\HummingbirdApp\ManualTesting\SendRequest.aml&#39;
    D:\Projets\Hummingbird ALM\Hummingbird ALM\Hummingbird.TestFramework.Doc\Content\HummingbirdApp\ManualTesting\SendRequest.aml -&gt; D:\Projets\Github\hummingbird.testframework.doc\Working\ddueXml\20bfbde0-a220-4a40-a2fc-81439e964be1.xml
    Parsing topic file &#39;D:\Projets\Hummingbird ALM\Hummingbird ALM\Hummingbird.TestFramework.Doc\Content\HummingbirdApp\ManualTesting\UseTestObjectEditor.aml&#39;
    D:\Projets\Hummingbird ALM\Hummingbird ALM\Hummingbird.TestFramework.Doc\Content\HummingbirdApp\ManualTesting\UseTestObjectEditor.aml -&gt; D:\Projets\Github\hummingbird.testframework.doc\Working\ddueXml\a58d6d26-1331-4fad-ab62-991d6e0153ba.xml
    Parsing topic file &#39;D:\Projets\Hummingbird ALM\Hummingbird ALM\Hummingbird.TestFramework.Doc\Content\HummingbirdApp\ManualTesting\Search.aml&#39;
    D:\Projets\Hummingbird ALM\Hummingbird ALM\Hummingbird.TestFramework.Doc\Content\HummingbirdApp\ManualTesting\Search.aml -&gt; D:\Projets\Github\hummingbird.testframework.doc\Working\ddueXml\335dd917-b6ca-4724-84e8-cb0fca1e77f6.xml
    Parsing topic file &#39;D:\Projets\Hummingbird ALM\Hummingbird ALM\Hummingbird.TestFramework.Doc\Content\HummingbirdApp\ManualTesting\UseOptions.aml&#39;
    D:\Projets\Hummingbird ALM\Hummingbird ALM\Hummingbird.TestFramework.Doc\Content\HummingbirdApp\ManualTesting\UseOptions.aml -&gt; D:\Projets\Github\hummingbird.testframework.doc\Working\ddueXml\c37d6475-3af5-49f6-94ba-234b91f5d5d7.xml
    Parsing topic file &#39;D:\Projets\Hummingbird ALM\Hummingbird ALM\Hummingbird.TestFramework.Doc\Content\HummingbirdApp\ManualTesting\ManageTestEnvironments.aml&#39;
    D:\Projets\Hummingbird ALM\Hummingbird ALM\Hummingbird.TestFramework.Doc\Content\HummingbirdApp\ManualTesting\ManageTestEnvironments.aml -&gt; D:\Projets\Github\hummingbird.testframework.doc\Working\ddueXml\d5124af7-8a51-4067-982b-2709d70b10bd.xml
    Parsing topic file &#39;D:\Projets\Hummingbird ALM\Hummingbird ALM\Hummingbird.TestFramework.Doc\Content\HummingbirdApp\ManualTesting\HistoryAndFavorites.aml&#39;
    D:\Projets\Hummingbird ALM\Hummingbird ALM\Hummingbird.TestFramework.Doc\Content\HummingbirdApp\ManualTesting\HistoryAndFavorites.aml -&gt; D:\Projets\Github\hummingbird.testframework.doc\Working\ddueXml\835dd184-c432-4ec5-8ed5-193cd1925fde.xml
    Parsing topic file &#39;D:\Projets\Hummingbird ALM\Hummingbird ALM\Hummingbird.TestFramework.Doc\Content\HummingbirdApp\ManualTesting\MessagingSystem.aml&#39;
    D:\Projets\Hummingbird ALM\Hummingbird ALM\Hummingbird.TestFramework.Doc\Content\HummingbirdApp\ManualTesting\MessagingSystem.aml -&gt; D:\Projets\Github\hummingbird.testframework.doc\Working\ddueXml\49130667-01d2-4c61-a56c-0c6616b0bd25.xml
    Parsing topic file &#39;D:\Projets\Hummingbird ALM\Hummingbird ALM\Hummingbird.TestFramework.Doc\Content\HummingbirdApp\ManualTesting\Search in History.aml&#39;
    D:\Projets\Hummingbird ALM\Hummingbird ALM\Hummingbird.TestFramework.Doc\Content\HummingbirdApp\ManualTesting\Search in History.aml -&gt; D:\Projets\Github\hummingbird.testframework.doc\Working\ddueXml\4a3241b9-f211-469e-9217-93908f08885b.xml
    Parsing topic file &#39;D:\Projets\Hummingbird ALM\Hummingbird ALM\Hummingbird.TestFramework.Doc\Content\HummingbirdApp\ServiceSimulation.aml&#39;
    D:\Projets\Hummingbird ALM\Hummingbird ALM\Hummingbird.TestFramework.Doc\Content\HummingbirdApp\ServiceSimulation.aml -&gt; D:\Projets\Github\hummingbird.testframework.doc\Working\ddueXml\318b5440-d670-4eb4-b94c-de5befe8f489.xml
    Parsing topic file &#39;D:\Projets\Hummingbird ALM\Hummingbird ALM\Hummingbird.TestFramework.Doc\Content\HummingbirdApp\ServiceSimulation\ControlSimulation.aml&#39;
    D:\Projets\Hummingbird ALM\Hummingbird ALM\Hummingbird.TestFramework.Doc\Content\HummingbirdApp\ServiceSimulation\ControlSimulation.aml -&gt; D:\Projets\Github\hummingbird.testframework.doc\Working\ddueXml\56cbbd63-2ff8-4be1-bf13-582921671164.xml
    Parsing topic file &#39;D:\Projets\Hummingbird ALM\Hummingbird ALM\Hummingbird.TestFramework.Doc\Content\HummingbirdApp\ManualTesting\OrganizationSimulation.aml&#39;
    D:\Projets\Hummingbird ALM\Hummingbird ALM\Hummingbird.TestFramework.Doc\Content\HummingbirdApp\ManualTesting\OrganizationSimulation.aml -&gt; D:\Projets\Github\hummingbird.testframework.doc\Working\ddueXml\8bd03b78-7d8c-4e05-9ea1-da0ada2ff7e0.xml
    Parsing topic file &#39;D:\Projets\Hummingbird ALM\Hummingbird ALM\Hummingbird.TestFramework.Doc\Content\HummingbirdApp\ManualTesting\Use Test Object Editor.aml&#39;
    D:\Projets\Hummingbird ALM\Hummingbird ALM\Hummingbird.TestFramework.Doc\Content\HummingbirdApp\ManualTesting\Use Test Object Editor.aml -&gt; D:\Projets\Github\hummingbird.testframework.doc\Working\ddueXml\fd94b7fb-c3a4-4c3f-8d0d-c0993905ef32.xml
    Parsing topic file &#39;D:\Projets\Hummingbird ALM\Hummingbird ALM\Hummingbird.TestFramework.Doc\Content\HummingbirdApp\ManualTesting\ReplyAsFault.aml&#39;
    D:\Projets\Hummingbird ALM\Hummingbird ALM\Hummingbird.TestFramework.Doc\Content\HummingbirdApp\ManualTesting\ReplyAsFault.aml -&gt; D:\Projets\Github\hummingbird.testframework.doc\Working\ddueXml\cecf9e5f-0cae-41c7-bc45-f65c6a64ca82.xml
    Parsing topic file &#39;D:\Projets\Hummingbird ALM\Hummingbird ALM\Hummingbird.TestFramework.Doc\Content\HummingbirdApp\ManualTesting\DetermineReply.aml&#39;
    D:\Projets\Hummingbird ALM\Hummingbird ALM\Hummingbird.TestFramework.Doc\Content\HummingbirdApp\ManualTesting\DetermineReply.aml -&gt; D:\Projets\Github\hummingbird.testframework.doc\Working\ddueXml\c99ef87d-4ac6-4498-ae48-a2533a584d5c.xml
    Parsing topic file &#39;D:\Projets\Hummingbird ALM\Hummingbird ALM\Hummingbird.TestFramework.Doc\Content\HummingbirdApp\ServiceSimulation\RegisterTcpPort.aml&#39;
    D:\Projets\Hummingbird ALM\Hummingbird ALM\Hummingbird.TestFramework.Doc\Content\HummingbirdApp\ServiceSimulation\RegisterTcpPort.aml -&gt; D:\Projets\Github\hummingbird.testframework.doc\Working\ddueXml\92011cd0-e0fe-41c5-9fc8-21df7bcae4a3.xml
    Parsing topic file &#39;D:\Projets\Hummingbird ALM\Hummingbird ALM\Hummingbird.TestFramework.Doc\Content\HummingbirdApp\SystemSettings.aml&#39;
    D:\Projets\Hummingbird ALM\Hummingbird ALM\Hummingbird.TestFramework.Doc\Content\HummingbirdApp\SystemSettings.aml -&gt; D:\Projets\Github\hummingbird.testframework.doc\Working\ddueXml\3842ef58-f825-4f5a-8cbf-f5f5dba28f66.xml
    Parsing topic file &#39;D:\Projets\Hummingbird ALM\Hummingbird ALM\Hummingbird.TestFramework.Doc\Content\HummingbirdApp\SystemSettings\GeneralSettings.aml&#39;
    D:\Projets\Hummingbird ALM\Hummingbird ALM\Hummingbird.TestFramework.Doc\Content\HummingbirdApp\SystemSettings\GeneralSettings.aml -&gt; D:\Projets\Github\hummingbird.testframework.doc\Working\ddueXml\a0bc4270-f160-48d5-be6d-0bbae11c721f.xml
    Parsing topic file &#39;D:\Projets\Hummingbird ALM\Hummingbird ALM\Hummingbird.TestFramework.Doc\Content\HummingbirdApp\SystemSettings\Test Settings.aml&#39;
    D:\Projets\Hummingbird ALM\Hummingbird ALM\Hummingbird.TestFramework.Doc\Content\HummingbirdApp\SystemSettings\Test Settings.aml -&gt; D:\Projets\Github\hummingbird.testframework.doc\Working\ddueXml\82e437e1-c9bf-449f-8ed3-28859423e766.xml
    Parsing topic file &#39;D:\Projets\Hummingbird ALM\Hummingbird ALM\Hummingbird.TestFramework.Doc\Content\HummingbirdApp\SystemSettings\ManageTestProfiles.aml&#39;
    D:\Projets\Hummingbird ALM\Hummingbird ALM\Hummingbird.TestFramework.Doc\Content\HummingbirdApp\SystemSettings\ManageTestProfiles.aml -&gt; D:\Projets\Github\hummingbird.testframework.doc\Working\ddueXml\def45c86-9ffa-4692-85bf-ef997b501e27.xml
    Parsing topic file &#39;D:\Projets\Hummingbird ALM\Hummingbird ALM\Hummingbird.TestFramework.Doc\Content\HummingbirdApp\SystemSettings\ManageExtensions.aml&#39;
    D:\Projets\Hummingbird ALM\Hummingbird ALM\Hummingbird.TestFramework.Doc\Content\HummingbirdApp\SystemSettings\ManageExtensions.aml -&gt; D:\Projets\Github\hummingbird.testframework.doc\Working\ddueXml\fb6150ac-4773-4457-afc2-e203cf917dc8.xml
    Parsing topic file &#39;D:\Projets\Hummingbird ALM\Hummingbird ALM\Hummingbird.TestFramework.Doc\Content\HummingbirdApp\Statistics.aml&#39;
    D:\Projets\Hummingbird ALM\Hummingbird ALM\Hummingbird.TestFramework.Doc\Content\HummingbirdApp\Statistics.aml -&gt; D:\Projets\Github\hummingbird.testframework.doc\Working\ddueXml\d67b78dd-d49c-4d49-a81a-a5699956cad2.xml
    Parsing topic file &#39;D:\Projets\Hummingbird ALM\Hummingbird ALM\Hummingbird.TestFramework.Doc\Content\HummingbirdApp\TestAutomation.aml&#39;
    D:\Projets\Hummingbird ALM\Hummingbird ALM\Hummingbird.TestFramework.Doc\Content\HummingbirdApp\TestAutomation.aml -&gt; D:\Projets\Github\hummingbird.testframework.doc\Working\ddueXml\9ff0530d-805e-41f8-9a47-7e9f0b148986.xml
    Parsing topic file &#39;D:\Projets\Hummingbird ALM\Hummingbird ALM\Hummingbird.TestFramework.Doc\Content\HummingbirdApp\PerformanceTest.aml&#39;
    D:\Projets\Hummingbird ALM\Hummingbird ALM\Hummingbird.TestFramework.Doc\Content\HummingbirdApp\PerformanceTest.aml -&gt; D:\Projets\Github\hummingbird.testframework.doc\Working\ddueXml\6ce70faa-33cc-43b6-b432-2e34c2dfba08.xml
    Parsing topic file &#39;D:\Projets\Hummingbird ALM\Hummingbird ALM\Hummingbird.TestFramework.Doc\Content\HummingbirdApp\IntegratedTools.aml&#39;
    D:\Projets\Hummingbird ALM\Hummingbird ALM\Hummingbird.TestFramework.Doc\Content\HummingbirdApp\IntegratedTools.aml -&gt; D:\Projets\Github\hummingbird.testframework.doc\Working\ddueXml\3257f138-3965-4572-b1b0-71bea0f30c58.xml
    Parsing topic file &#39;D:\Projets\Hummingbird ALM\Hummingbird ALM\Hummingbird.TestFramework.Doc\Content\HummingbirdApp\ExtensionDesigner.aml&#39;
    D:\Projets\Hummingbird ALM\Hummingbird ALM\Hummingbird.TestFramework.Doc\Content\HummingbirdApp\ExtensionDesigner.aml -&gt; D:\Projets\Github\hummingbird.testframework.doc\Working\ddueXml\e78cf04c-f791-428d-9774-285da3299fb4.xml
    Parsing topic file &#39;D:\Projets\Hummingbird ALM\Hummingbird ALM\Hummingbird.TestFramework.Doc\Content\HummingbirdCli.aml&#39;
    D:\Projets\Hummingbird ALM\Hummingbird ALM\Hummingbird.TestFramework.Doc\Content\HummingbirdCli.aml -&gt; D:\Projets\Github\hummingbird.testframework.doc\Working\ddueXml\2e6d1708-8537-4394-9166-93fd258026db.xml
    Parsing topic file &#39;D:\Projets\Hummingbird ALM\Hummingbird ALM\Hummingbird.TestFramework.Doc\Content\HummingbirdCLI\RunTests.aml&#39;
    D:\Projets\Hummingbird ALM\Hummingbird ALM\Hummingbird.TestFramework.Doc\Content\HummingbirdCLI\RunTests.aml -&gt; D:\Projets\Github\hummingbird.testframework.doc\Working\ddueXml\e65ca291-07ab-44fb-9125-ebe92420a911.xml
    Parsing topic file &#39;D:\Projets\Hummingbird ALM\Hummingbird ALM\Hummingbird.TestFramework.Doc\Content\HummingbirdCLI\ConvertReports.aml&#39;
    D:\Projets\Hummingbird ALM\Hummingbird ALM\Hummingbird.TestFramework.Doc\Content\HummingbirdCLI\ConvertReports.aml -&gt; D:\Projets\Github\hummingbird.testframework.doc\Working\ddueXml\068f06ff-ff8a-4dab-a5f4-7818452ec3c6.xml
    Parsing topic file &#39;D:\Projets\Hummingbird ALM\Hummingbird ALM\Hummingbird.TestFramework.Doc\Content\HummingbirdCLI\StartServiceSimulation.aml&#39;
    D:\Projets\Hummingbird ALM\Hummingbird ALM\Hummingbird.TestFramework.Doc\Content\HummingbirdCLI\StartServiceSimulation.aml -&gt; D:\Projets\Github\hummingbird.testframework.doc\Working\ddueXml\92f20cb5-8ade-4b52-9eeb-46f0fa6c5ced.xml
    Parsing topic file &#39;D:\Projets\Hummingbird ALM\Hummingbird ALM\Hummingbird.TestFramework.Doc\Content\ReportViewer.aml&#39;
    D:\Projets\Hummingbird ALM\Hummingbird ALM\Hummingbird.TestFramework.Doc\Content\ReportViewer.aml -&gt; D:\Projets\Github\hummingbird.testframework.doc\Working\ddueXml\19acd7ec-541f-489d-9e6d-5676fa17e619.xml
    Parsing topic file &#39;D:\Projets\Hummingbird ALM\Hummingbird ALM\Hummingbird.TestFramework.Doc\Content\AdvancedCustomization.aml&#39;
    D:\Projets\Hummingbird ALM\Hummingbird ALM\Hummingbird.TestFramework.Doc\Content\AdvancedCustomization.aml -&gt; D:\Projets\Github\hummingbird.testframework.doc\Working\ddueXml\7f9648dc-e6bf-4b09-b157-a07fc822c529.xml
    Parsing topic file &#39;D:\Projets\Hummingbird ALM\Hummingbird ALM\Hummingbird.TestFramework.Doc\Content\Customization\Architecture.aml&#39;
    D:\Projets\Hummingbird ALM\Hummingbird ALM\Hummingbird.TestFramework.Doc\Content\Customization\Architecture.aml -&gt; D:\Projets\Github\hummingbird.testframework.doc\Working\ddueXml\a0b8aa94-f536-4514-93c0-1ad725e297f8.xml
    Parsing topic file &#39;D:\Projets\Hummingbird ALM\Hummingbird ALM\Hummingbird.TestFramework.Doc\Content\Customization\ImportWSDL.aml&#39;
    D:\Projets\Hummingbird ALM\Hummingbird ALM\Hummingbird.TestFramework.Doc\Content\Customization\ImportWSDL.aml -&gt; D:\Projets\Github\hummingbird.testframework.doc\Working\ddueXml\29a04cb1-051f-4bc1-a97c-1c6421700b87.xml
    Parsing topic file &#39;D:\Projets\Hummingbird ALM\Hummingbird ALM\Hummingbird.TestFramework.Doc\Content\Customization\CustomSOAPService.aml&#39;
    D:\Projets\Hummingbird ALM\Hummingbird ALM\Hummingbird.TestFramework.Doc\Content\Customization\CustomSOAPService.aml -&gt; D:\Projets\Github\hummingbird.testframework.doc\Working\ddueXml\78eb89e5-e3de-4b5f-b547-f96da7a1f483.xml
    Parsing topic file &#39;D:\Projets\Hummingbird ALM\Hummingbird ALM\Hummingbird.TestFramework.Doc\Content\Customization\CustomRestservices.aml&#39;
    D:\Projets\Hummingbird ALM\Hummingbird ALM\Hummingbird.TestFramework.Doc\Content\Customization\CustomRestservices.aml -&gt; D:\Projets\Github\hummingbird.testframework.doc\Working\ddueXml\a8fb2df2-98d6-4afb-b2d3-1be4d9de20ed.xml
    Parsing topic file &#39;D:\Projets\Hummingbird ALM\Hummingbird ALM\Hummingbird.TestFramework.Doc\Content\Customization\CustomizeUITestData.aml&#39;
    D:\Projets\Hummingbird ALM\Hummingbird ALM\Hummingbird.TestFramework.Doc\Content\Customization\CustomizeUITestData.aml -&gt; D:\Projets\Github\hummingbird.testframework.doc\Working\ddueXml\fbdf16e5-4fa3-485d-a600-41043cdf0e8a.xml
    Parsing topic file &#39;D:\Projets\Hummingbird ALM\Hummingbird ALM\Hummingbird.TestFramework.Doc\Content\Customization\CustomizeUITestResult.aml&#39;
    D:\Projets\Hummingbird ALM\Hummingbird ALM\Hummingbird.TestFramework.Doc\Content\Customization\CustomizeUITestResult.aml -&gt; D:\Projets\Github\hummingbird.testframework.doc\Working\ddueXml\ca399a5b-0007-4d69-9a0b-79a6dd04dcff.xml
    Parsing topic file &#39;D:\Projets\Hummingbird ALM\Hummingbird ALM\Hummingbird.TestFramework.Doc\Content\Customization\ImplementClientServer.aml&#39;
    D:\Projets\Hummingbird ALM\Hummingbird ALM\Hummingbird.TestFramework.Doc\Content\Customization\ImplementClientServer.aml -&gt; D:\Projets\Github\hummingbird.testframework.doc\Working\ddueXml\4d5fe090-c9a8-4041-8024-e7fb92f959b8.xml
    Parsing topic file &#39;D:\Projets\Hummingbird ALM\Hummingbird ALM\Hummingbird.TestFramework.Doc\Content\Examples.aml&#39;
    D:\Projets\Hummingbird ALM\Hummingbird ALM\Hummingbird.TestFramework.Doc\Content\Examples.aml -&gt; D:\Projets\Github\hummingbird.testframework.doc\Working\ddueXml\075021f2-456c-47fb-a63c-ae2ed630c36b.xml
    Parsing topic file &#39;D:\Projets\Hummingbird ALM\Hummingbird ALM\Hummingbird.TestFramework.Doc\Content\Customization\Examples\ExampleMMSC.aml&#39;
    D:\Projets\Hummingbird ALM\Hummingbird ALM\Hummingbird.TestFramework.Doc\Content\Customization\Examples\ExampleMMSC.aml -&gt; D:\Projets\Github\hummingbird.testframework.doc\Working\ddueXml\a19f81ad-3a8f-480e-9f54-a6ee6588dc14.xml
    Parsing topic file &#39;D:\Projets\Hummingbird ALM\Hummingbird ALM\Hummingbird.TestFramework.Doc\Content\Customization\Examples\ExampleLDAP.aml&#39;
    D:\Projets\Hummingbird ALM\Hummingbird ALM\Hummingbird.TestFramework.Doc\Content\Customization\Examples\ExampleLDAP.aml -&gt; D:\Projets\Github\hummingbird.testframework.doc\Working\ddueXml\1156504f-cc9b-48ab-b084-22091254181d.xml
    Parsing topic file &#39;D:\Projets\Hummingbird ALM\Hummingbird ALM\Hummingbird.TestFramework.Doc\Content\DevOps.aml&#39;
    D:\Projets\Hummingbird ALM\Hummingbird ALM\Hummingbird.TestFramework.Doc\Content\DevOps.aml -&gt; D:\Projets\Github\hummingbird.testframework.doc\Working\ddueXml\21dd7de2-8f8a-495e-af08-e857492bddce.xml
    Parsing topic file &#39;D:\Projets\Hummingbird ALM\Hummingbird ALM\Hummingbird.TestFramework.Doc\Content\CICD\RunWithinVSTS.aml&#39;
    D:\Projets\Hummingbird ALM\Hummingbird ALM\Hummingbird.TestFramework.Doc\Content\CICD\RunWithinVSTS.aml -&gt; D:\Projets\Github\hummingbird.testframework.doc\Working\ddueXml\8bba8f69-adcb-4008-bbe9-f4d028a1a36b.xml
    Parsing topic file &#39;D:\Projets\Hummingbird ALM\Hummingbird ALM\Hummingbird.TestFramework.Doc\Content\CICD\RunWithinJenkins.aml&#39;
    D:\Projets\Hummingbird ALM\Hummingbird ALM\Hummingbird.TestFramework.Doc\Content\CICD\RunWithinJenkins.aml -&gt; D:\Projets\Github\hummingbird.testframework.doc\Working\ddueXml\9b613a76-91e6-4985-b7cd-47ed527a0b5d.xml
    Parsing topic file &#39;D:\Projets\Hummingbird ALM\Hummingbird ALM\Hummingbird.TestFramework.Doc\Content\CICD\PublishReports.aml&#39;
    D:\Projets\Hummingbird ALM\Hummingbird ALM\Hummingbird.TestFramework.Doc\Content\CICD\PublishReports.aml -&gt; D:\Projets\Github\hummingbird.testframework.doc\Working\ddueXml\99da60ac-a12e-4d3d-a355-33cd0b1e2f7a.xml
    Parsing topic file &#39;D:\Projets\Hummingbird ALM\Hummingbird ALM\Hummingbird.TestFramework.Doc\Content\CommunityExtensions.aml&#39;
    D:\Projets\Hummingbird ALM\Hummingbird ALM\Hummingbird.TestFramework.Doc\Content\CommunityExtensions.aml -&gt; D:\Projets\Github\hummingbird.testframework.doc\Working\ddueXml\9b00346a-3452-4358-9b23-a723ca895eda.xml
    Parsing topic file &#39;D:\Projets\Hummingbird ALM\Hummingbird ALM\Hummingbird.TestFramework.Doc\Content\VersionHistory\VersionHistory.aml&#39;
    D:\Projets\Hummingbird ALM\Hummingbird ALM\Hummingbird.TestFramework.Doc\Content\VersionHistory\VersionHistory.aml -&gt; D:\Projets\Github\hummingbird.testframework.doc\Working\ddueXml\f6c13f49-3bc8-42cd-9dae-a3756e715983.xml
    Parsing topic file &#39;D:\Projets\Hummingbird ALM\Hummingbird ALM\Hummingbird.TestFramework.Doc\Content\VersionHistory\v0.1.aml&#39;
    D:\Projets\Hummingbird ALM\Hummingbird ALM\Hummingbird.TestFramework.Doc\Content\VersionHistory\v0.1.aml -&gt; D:\Projets\Github\hummingbird.testframework.doc\Working\ddueXml\c5dcf625-414c-4037-bd0e-d0f45ec38bb1.xml
    Last step completed in 00:00:00,5159
</buildStep>
<buildStep step="CreateConceptualTopicConfigs">
Creating conceptual topic configuration files...
    Companion files
    _ContentMetadata_.xml
    Merging topic IDs into manifest.xml
    Last step completed in 00:00:00,0492
</buildStep>
<buildStep step="CopyAdditionalContent">
Copying additional content files...
D:\Projets\Hummingbird ALM\Hummingbird ALM\Hummingbird.TestFramework.Doc\icons\favicon.ico -&gt; D:\Projets\Github\hummingbird.testframework.doc\Working\Output\Website\icons\favicon.ico
D:\Projets\Hummingbird ALM\Hummingbird ALM\Hummingbird.TestFramework.Doc\icons\Help.png -&gt; D:\Projets\Github\hummingbird.testframework.doc\Working\Output\Website\icons\Help.png
D:\Projets\Hummingbird ALM\Hummingbird ALM\Hummingbird.TestFramework.Doc\styles\branding-Website.css -&gt; D:\Projets\Github\hummingbird.testframework.doc\Working\Output\Website\styles\branding-Website.css
D:\Projets\Hummingbird ALM\Hummingbird ALM\Hummingbird.TestFramework.Doc\styles\branding.css -&gt; D:\Projets\Github\hummingbird.testframework.doc\Working\Output\Website\styles\branding.css
D:\Projets\Hummingbird ALM\Hummingbird ALM\Hummingbird.TestFramework.Doc\icons\AlertCaution.png -&gt; D:\Projets\Github\hummingbird.testframework.doc\Working\Output\Website\icons\AlertCaution.png
D:\Projets\Hummingbird ALM\Hummingbird ALM\Hummingbird.TestFramework.Doc\icons\AlertNote.png -&gt; D:\Projets\Github\hummingbird.testframework.doc\Working\Output\Website\icons\AlertNote.png
D:\Projets\Hummingbird ALM\Hummingbird ALM\Hummingbird.TestFramework.Doc\icons\AlertSecurity.png -&gt; D:\Projets\Github\hummingbird.testframework.doc\Working\Output\Website\icons\AlertSecurity.png
D:\Projets\Hummingbird ALM\Hummingbird ALM\Hummingbird.TestFramework.Doc\icons\CFW.gif -&gt; D:\Projets\Github\hummingbird.testframework.doc\Working\Output\Website\icons\CFW.gif
D:\Projets\Hummingbird ALM\Hummingbird ALM\Hummingbird.TestFramework.Doc\icons\CodeExample.png -&gt; D:\Projets\Github\hummingbird.testframework.doc\Working\Output\Website\icons\CodeExample.png
D:\Projets\Hummingbird ALM\Hummingbird ALM\Hummingbird.TestFramework.Doc\icons\privclass.gif -&gt; D:\Projets\Github\hummingbird.testframework.doc\Working\Output\Website\icons\privclass.gif
D:\Projets\Hummingbird ALM\Hummingbird ALM\Hummingbird.TestFramework.Doc\icons\privdelegate.gif -&gt; D:\Projets\Github\hummingbird.testframework.doc\Working\Output\Website\icons\privdelegate.gif
D:\Projets\Hummingbird ALM\Hummingbird ALM\Hummingbird.TestFramework.Doc\icons\privenumeration.gif -&gt; D:\Projets\Github\hummingbird.testframework.doc\Working\Output\Website\icons\privenumeration.gif
D:\Projets\Hummingbird ALM\Hummingbird ALM\Hummingbird.TestFramework.Doc\icons\privevent.gif -&gt; D:\Projets\Github\hummingbird.testframework.doc\Working\Output\Website\icons\privevent.gif
D:\Projets\Hummingbird ALM\Hummingbird ALM\Hummingbird.TestFramework.Doc\icons\privfield.gif -&gt; D:\Projets\Github\hummingbird.testframework.doc\Working\Output\Website\icons\privfield.gif
D:\Projets\Hummingbird ALM\Hummingbird ALM\Hummingbird.TestFramework.Doc\icons\privinterface.gif -&gt; D:\Projets\Github\hummingbird.testframework.doc\Working\Output\Website\icons\privinterface.gif
D:\Projets\Hummingbird ALM\Hummingbird ALM\Hummingbird.TestFramework.Doc\icons\privmethod.gif -&gt; D:\Projets\Github\hummingbird.testframework.doc\Working\Output\Website\icons\privmethod.gif
D:\Projets\Hummingbird ALM\Hummingbird ALM\Hummingbird.TestFramework.Doc\icons\privoperator.gif -&gt; D:\Projets\Github\hummingbird.testframework.doc\Working\Output\Website\icons\privoperator.gif
D:\Projets\Hummingbird ALM\Hummingbird ALM\Hummingbird.TestFramework.Doc\icons\privproperty.gif -&gt; D:\Projets\Github\hummingbird.testframework.doc\Working\Output\Website\icons\privproperty.gif
D:\Projets\Hummingbird ALM\Hummingbird ALM\Hummingbird.TestFramework.Doc\icons\privstructure.gif -&gt; D:\Projets\Github\hummingbird.testframework.doc\Working\Output\Website\icons\privstructure.gif
D:\Projets\Hummingbird ALM\Hummingbird ALM\Hummingbird.TestFramework.Doc\icons\protclass.gif -&gt; D:\Projets\Github\hummingbird.testframework.doc\Working\Output\Website\icons\protclass.gif
D:\Projets\Hummingbird ALM\Hummingbird ALM\Hummingbird.TestFramework.Doc\icons\protdelegate.gif -&gt; D:\Projets\Github\hummingbird.testframework.doc\Working\Output\Website\icons\protdelegate.gif
D:\Projets\Hummingbird ALM\Hummingbird ALM\Hummingbird.TestFramework.Doc\icons\protenumeration.gif -&gt; D:\Projets\Github\hummingbird.testframework.doc\Working\Output\Website\icons\protenumeration.gif
D:\Projets\Hummingbird ALM\Hummingbird ALM\Hummingbird.TestFramework.Doc\icons\protevent.gif -&gt; D:\Projets\Github\hummingbird.testframework.doc\Working\Output\Website\icons\protevent.gif
D:\Projets\Hummingbird ALM\Hummingbird ALM\Hummingbird.TestFramework.Doc\icons\protfield.gif -&gt; D:\Projets\Github\hummingbird.testframework.doc\Working\Output\Website\icons\protfield.gif
D:\Projets\Hummingbird ALM\Hummingbird ALM\Hummingbird.TestFramework.Doc\icons\protinterface.gif -&gt; D:\Projets\Github\hummingbird.testframework.doc\Working\Output\Website\icons\protinterface.gif
D:\Projets\Hummingbird ALM\Hummingbird ALM\Hummingbird.TestFramework.Doc\icons\protmethod.gif -&gt; D:\Projets\Github\hummingbird.testframework.doc\Working\Output\Website\icons\protmethod.gif
D:\Projets\Hummingbird ALM\Hummingbird ALM\Hummingbird.TestFramework.Doc\icons\protoperator.gif -&gt; D:\Projets\Github\hummingbird.testframework.doc\Working\Output\Website\icons\protoperator.gif
D:\Projets\Hummingbird ALM\Hummingbird ALM\Hummingbird.TestFramework.Doc\icons\protproperty.gif -&gt; D:\Projets\Github\hummingbird.testframework.doc\Working\Output\Website\icons\protproperty.gif
D:\Projets\Hummingbird ALM\Hummingbird ALM\Hummingbird.TestFramework.Doc\icons\protstructure.gif -&gt; D:\Projets\Github\hummingbird.testframework.doc\Working\Output\Website\icons\protstructure.gif
D:\Projets\Hummingbird ALM\Hummingbird ALM\Hummingbird.TestFramework.Doc\icons\pubclass.gif -&gt; D:\Projets\Github\hummingbird.testframework.doc\Working\Output\Website\icons\pubclass.gif
D:\Projets\Hummingbird ALM\Hummingbird ALM\Hummingbird.TestFramework.Doc\icons\pubdelegate.gif -&gt; D:\Projets\Github\hummingbird.testframework.doc\Working\Output\Website\icons\pubdelegate.gif
D:\Projets\Hummingbird ALM\Hummingbird ALM\Hummingbird.TestFramework.Doc\icons\pubenumeration.gif -&gt; D:\Projets\Github\hummingbird.testframework.doc\Working\Output\Website\icons\pubenumeration.gif
D:\Projets\Hummingbird ALM\Hummingbird ALM\Hummingbird.TestFramework.Doc\icons\pubevent.gif -&gt; D:\Projets\Github\hummingbird.testframework.doc\Working\Output\Website\icons\pubevent.gif
D:\Projets\Hummingbird ALM\Hummingbird ALM\Hummingbird.TestFramework.Doc\icons\pubextension.gif -&gt; D:\Projets\Github\hummingbird.testframework.doc\Working\Output\Website\icons\pubextension.gif
D:\Projets\Hummingbird ALM\Hummingbird ALM\Hummingbird.TestFramework.Doc\icons\pubfield.gif -&gt; D:\Projets\Github\hummingbird.testframework.doc\Working\Output\Website\icons\pubfield.gif
D:\Projets\Hummingbird ALM\Hummingbird ALM\Hummingbird.TestFramework.Doc\icons\pubinterface.gif -&gt; D:\Projets\Github\hummingbird.testframework.doc\Working\Output\Website\icons\pubinterface.gif
D:\Projets\Hummingbird ALM\Hummingbird ALM\Hummingbird.TestFramework.Doc\icons\pubmethod.gif -&gt; D:\Projets\Github\hummingbird.testframework.doc\Working\Output\Website\icons\pubmethod.gif
D:\Projets\Hummingbird ALM\Hummingbird ALM\Hummingbird.TestFramework.Doc\icons\puboperator.gif -&gt; D:\Projets\Github\hummingbird.testframework.doc\Working\Output\Website\icons\puboperator.gif
D:\Projets\Hummingbird ALM\Hummingbird ALM\Hummingbird.TestFramework.Doc\icons\pubproperty.gif -&gt; D:\Projets\Github\hummingbird.testframework.doc\Working\Output\Website\icons\pubproperty.gif
D:\Projets\Hummingbird ALM\Hummingbird ALM\Hummingbird.TestFramework.Doc\icons\pubstructure.gif -&gt; D:\Projets\Github\hummingbird.testframework.doc\Working\Output\Website\icons\pubstructure.gif
D:\Projets\Hummingbird ALM\Hummingbird ALM\Hummingbird.TestFramework.Doc\icons\search.png -&gt; D:\Projets\Github\hummingbird.testframework.doc\Working\Output\Website\icons\search.png
D:\Projets\Hummingbird ALM\Hummingbird ALM\Hummingbird.TestFramework.Doc\icons\SectionCollapsed.gif -&gt; D:\Projets\Github\hummingbird.testframework.doc\Working\Output\Website\icons\SectionCollapsed.gif
D:\Projets\Hummingbird ALM\Hummingbird ALM\Hummingbird.TestFramework.Doc\icons\SectionExpanded.gif -&gt; D:\Projets\Github\hummingbird.testframework.doc\Working\Output\Website\icons\SectionExpanded.gif
D:\Projets\Hummingbird ALM\Hummingbird ALM\Hummingbird.TestFramework.Doc\icons\TocClose.gif -&gt; D:\Projets\Github\hummingbird.testframework.doc\Working\Output\Website\icons\TocClose.gif
D:\Projets\Hummingbird ALM\Hummingbird ALM\Hummingbird.TestFramework.Doc\icons\TocCollapsed.gif -&gt; D:\Projets\Github\hummingbird.testframework.doc\Working\Output\Website\icons\TocCollapsed.gif
D:\Projets\Hummingbird ALM\Hummingbird ALM\Hummingbird.TestFramework.Doc\icons\TocExpanded.gif -&gt; D:\Projets\Github\hummingbird.testframework.doc\Working\Output\Website\icons\TocExpanded.gif
D:\Projets\Hummingbird ALM\Hummingbird ALM\Hummingbird.TestFramework.Doc\icons\TocOpen.gif -&gt; D:\Projets\Github\hummingbird.testframework.doc\Working\Output\Website\icons\TocOpen.gif
D:\Projets\Hummingbird ALM\Hummingbird ALM\Hummingbird.TestFramework.Doc\styles\bg.jpg -&gt; D:\Projets\Github\hummingbird.testframework.doc\Working\Output\Website\styles\bg.jpg
D:\Projets\Hummingbird ALM\Hummingbird ALM\Hummingbird.TestFramework.Doc\styles\header_bg.jpg -&gt; D:\Projets\Github\hummingbird.testframework.doc\Working\Output\Website\styles\header_bg.jpg
    Last step completed in 00:00:00,5288
</buildStep>
<buildStep step="MergeTablesOfContents">
Merging conceptual and additional tables of contents...
    Last step completed in 00:00:00,0060
</buildStep>
<buildStep step="GenerateIntermediateTableOfContents">
Generating intermediate table of contents file...
[C:\Program Files (x86)\Microsoft Visual Studio\2017\Enterprise\MSBuild\15.0\Bin\MSBuild.exe - GenerateIntermediateTOC.proj]
Build started 13/08/2018 10:59:22.
Project &quot;D:\Projets\Github\hummingbird.testframework.doc\Working\GenerateIntermediateTOC.proj&quot; on node 1 (default targets).
GenerateIntermediateTOC:
  XslTransform (v2018.5.14.0)
  Copyright ? 2006-2018, Microsoft Corporation, All Rights Reserved.
  Portions Copyright ? 2006-2018, Eric Woodruff, All Rights Reserved.
  Applying XSL transformation &#39;C:\Program Files (x86)\EWSoftware\Sandcastle Help File Builder\\ProductionTransforms\CreateVSToc.xsl&#39;.
Done Building Project &quot;D:\Projets\Github\hummingbird.testframework.doc\Working\GenerateIntermediateTOC.proj&quot; (default targets).
Generating conceptual content intermediate TOC file...
    Last step completed in 00:00:00,3229
</buildStep>
<buildStep step="CreateBuildAssemblerConfigs">
Creating Sandcastle configuration files...
<plugIn name="Additional Reference Links" behavior="Before" priority="1000">
Adding additional reference link namespaces...
</plugIn>    sandcastle.config
    Last step completed in 00:00:00,3555
</buildStep>
<buildStep step="MergeCustomConfigs">
Merging custom build component configurations
D:\Projets\Github\hummingbird.testframework.doc\Working\sandcastle.config
  Updating reference topic configurations.
    Replacing default configuration for &#39;Code Block Component&#39; with the custom configuration
    Replaced configuration for &#39;Syntax Component&#39; (instance 1) with configuration for &#39;Syntax Component&#39;
  Updating conceptual topic configurations.
    Replacing default configuration for &#39;Code Block Component&#39; with the custom configuration
    Replacing default configuration for &#39;Syntax Component&#39; with the custom configuration
    Removing unused ExampleComponent.
<plugIn name="Additional Reference Links" behavior="After" priority="1000">

Adding references to D:\Projets\Github\hummingbird.testframework.doc\Working\sandcastle.config...
</plugIn>    Last step completed in 00:00:00,0170
</buildStep>
<buildStep step="BuildTopics">
Building help topics...
[C:\Program Files (x86)\Microsoft Visual Studio\2017\Enterprise\MSBuild\15.0\Bin\MSBuild.exe - BuildTopics.proj]
Build started 13/08/2018 10:59:22.
Project &quot;D:\Projets\Github\hummingbird.testframework.doc\Working\BuildTopics.proj&quot; on node 1 (default targets).
BuildTopics:
  BuildAssembler (v2018.5.14.0)
  Copyright ? 2006-2018, Microsoft Corporation, All Rights Reserved.
  Portions Copyright ? 2006-2018, Eric Woodruff, All Rights Reserved.
  Loading configuration...
  Processing topics...
BuildAssembler : warning : ResolveConceptualLinksComponent: [f6c13f49-3bc8-42cd-9dae-a3756e715983] Unknown conceptual link target &#39;e187b06f-bc8b-410e-87a6-3167752f008f&#39;. [D:\Projets\Github\hummingbird.testframework.doc\Working\BuildTopics.proj]
BuildAssembler : warning : ShowMissingComponent: [M:Hummingbird.TestFramework.ExtensionMethods.ForEach``1(System.Collections.Generic.IEnumerable{``0},System.Action{``0})] Missing &lt;typeparam name=&quot;T&quot;/&gt; documentation [D:\Projets\Github\hummingbird.testframework.doc\Working\BuildTopics.proj]
BuildAssembler : warning : ShowMissingComponent: [M:Hummingbird.TestFramework.Log.GetMessages] Missing &lt;returns&gt; documentation [D:\Projets\Github\hummingbird.testframework.doc\Working\BuildTopics.proj]
BuildAssembler : warning : ShowMissingComponent: [M:Hummingbird.TestFramework.ParsingFunctions.CurrentDate(System.String)] Missing &lt;returns&gt; documentation [D:\Projets\Github\hummingbird.testframework.doc\Working\BuildTopics.proj]
BuildAssembler : warning : ShowMissingComponent: [M:Hummingbird.TestFramework.Utilities.CopyExtensionToInstall(System.String)] Missing &lt;returns&gt; documentation [D:\Projets\Github\hummingbird.testframework.doc\Working\BuildTopics.proj]
BuildAssembler : warning : ShowMissingComponent: [M:Hummingbird.TestFramework.Utilities.EvaluateXPath(System.String,System.String)] Missing &lt;returns&gt; documentation [D:\Projets\Github\hummingbird.testframework.doc\Working\BuildTopics.proj]
BuildAssembler : warning : ShowMissingComponent: [M:Hummingbird.TestFramework.Utilities.GenerateId(System.Guid,System.String)] Missing &lt;returns&gt; documentation [D:\Projets\Github\hummingbird.testframework.doc\Working\BuildTopics.proj]
BuildAssembler : warning : ShowMissingComponent: [M:Hummingbird.TestFramework.Utilities.GetDefinition(System.String)] Missing &lt;returns&gt; documentation [D:\Projets\Github\hummingbird.testframework.doc\Working\BuildTopics.proj]
BuildAssembler : warning : ShowMissingComponent: [M:Hummingbird.TestFramework.Utilities.GetImageSourceFromString(System.String)] Missing &lt;returns&gt; documentation [D:\Projets\Github\hummingbird.testframework.doc\Working\BuildTopics.proj]
BuildAssembler : warning : ShowMissingComponent: [M:Hummingbird.TestFramework.Utilities.GetType(System.String)] Missing &lt;returns&gt; documentation [D:\Projets\Github\hummingbird.testframework.doc\Working\BuildTopics.proj]
BuildAssembler : warning : ShowMissingComponent: [M:Hummingbird.TestFramework.Utilities.GetType(System.String)] Missing &lt;param name=&quot;fullName&quot;/&gt; documentation [D:\Projets\Github\hummingbird.testframework.doc\Working\BuildTopics.proj]
BuildAssembler : warning : ShowMissingComponent: [M:Hummingbird.TestFramework.Utilities.ParseObject(System.String)] Missing &lt;returns&gt; documentation [D:\Projets\Github\hummingbird.testframework.doc\Working\BuildTopics.proj]
BuildAssembler : warning : ShowMissingComponent: [M:Hummingbird.TestFramework.Utilities.ParseObject(System.String)] Missing &lt;param name=&quot;pattern&quot;/&gt; documentation [D:\Projets\Github\hummingbird.testframework.doc\Working\BuildTopics.proj]
BuildAssembler : warning : ShowMissingComponent: [M:Hummingbird.TestFramework.Utilities.ParseObject(System.String,Hummingbird.TestFramework.Automation.AbstractTestItem)] Missing &lt;returns&gt; documentation [D:\Projets\Github\hummingbird.testframework.doc\Working\BuildTopics.proj]
BuildAssembler : warning : ShowMissingComponent: [M:Hummingbird.TestFramework.Utilities.ParseObject(System.String,System.Object,Hummingbird.TestFramework.Services.AbstractMetadata)] Missing &lt;returns&gt; documentation [D:\Projets\Github\hummingbird.testframework.doc\Working\BuildTopics.proj]
BuildAssembler : warning : ShowMissingComponent: [M:Hummingbird.TestFramework.Utilities.ToEnum``1(System.String)] Missing &lt;returns&gt; documentation [D:\Projets\Github\hummingbird.testframework.doc\Working\BuildTopics.proj]
BuildAssembler : warning : ShowMissingComponent: [M:Hummingbird.TestFramework.Utilities.UncompressString(System.Byte[])] Missing &lt;returns&gt; documentation [D:\Projets\Github\hummingbird.testframework.doc\Working\BuildTopics.proj]
BuildAssembler : warning : ShowMissingComponent: [M:Hummingbird.TestFramework.Version.#ctor(System.Version)] Missing &lt;param name=&quot;ver&quot;/&gt; documentation [D:\Projets\Github\hummingbird.testframework.doc\Working\BuildTopics.proj]
BuildAssembler : warning : ShowMissingComponent: [N:Hummingbird.TestFramework.Automation] Missing &lt;summary&gt; documentation [D:\Projets\Github\hummingbird.testframework.doc\Working\BuildTopics.proj]
BuildAssembler : warning : ShowMissingComponent: [M:Hummingbird.TestFramework.Automation.AbstractSqlTestStep.TestConnectivity(System.String@)] Missing &lt;param name=&quot;errorMessage&quot;/&gt; documentation [D:\Projets\Github\hummingbird.testframework.doc\Working\BuildTopics.proj]
BuildAssembler : warning : ShowMissingComponent: [M:Hummingbird.TestFramework.Automation.AutomationProject.Save] Missing &lt;returns&gt; documentation [D:\Projets\Github\hummingbird.testframework.doc\Working\BuildTopics.proj]
BuildAssembler : warning : ShowMissingComponent: [M:Hummingbird.TestFramework.Automation.AutomationProject.SaveAs(System.String)] Missing &lt;returns&gt; documentation [D:\Projets\Github\hummingbird.testframework.doc\Working\BuildTopics.proj]
BuildAssembler : warning : ShowMissingComponent: [M:Hummingbird.TestFramework.Automation.DotNetScriptTestStepBase.Compile(System.String,System.Collections.Generic.List{System.CodeDom.Compiler.CompilerError}@)] Missing &lt;returns&gt; documentation [D:\Projets\Github\hummingbird.testframework.doc\Working\BuildTopics.proj]
BuildAssembler : warning : ShowMissingComponent: [M:Hummingbird.TestFramework.Automation.DotNetScriptTestStepBase.GetCodeDomProvider(System.String,System.CodeDom.Compiler.CompilerParameters@)] Missing &lt;returns&gt; documentation [D:\Projets\Github\hummingbird.testframework.doc\Working\BuildTopics.proj]
BuildAssembler : warning : ShowMissingComponent: [M:Hummingbird.TestFramework.Automation.ScriptTestStepBase.Execute(Hummingbird.TestFramework.Automation.TestStepBase)] Missing &lt;returns&gt; documentation [D:\Projets\Github\hummingbird.testframework.doc\Working\BuildTopics.proj]
BuildAssembler : warning : ShowMissingComponent: [N:Hummingbird.TestFramework.Automation.Assertions] Missing &lt;summary&gt; documentation [D:\Projets\Github\hummingbird.testframework.doc\Working\BuildTopics.proj]
BuildAssembler : warning : ShowMissingComponent: [M:Hummingbird.TestFramework.Automation.Assertions.AbstractAssertion.Clone] Missing &lt;returns&gt; documentation [D:\Projets\Github\hummingbird.testframework.doc\Working\BuildTopics.proj]
BuildAssembler : warning : ShowMissingComponent: [M:Hummingbird.TestFramework.Automation.Assertions.ContainsAssertion.InternalContains(Hummingbird.TestFramework.Automation.TestStepBase,System.String)] Missing &lt;returns&gt; documentation [D:\Projets\Github\hummingbird.testframework.doc\Working\BuildTopics.proj]
BuildAssembler : warning : ShowMissingComponent: [N:Hummingbird.TestFramework.Automation.Operators] Missing &lt;summary&gt; documentation [D:\Projets\Github\hummingbird.testframework.doc\Working\BuildTopics.proj]
BuildAssembler : warning : ShowMissingComponent: [N:Hummingbird.TestFramework.Automation.Report] Missing &lt;summary&gt; documentation [D:\Projets\Github\hummingbird.testframework.doc\Working\BuildTopics.proj]
BuildAssembler : warning : ShowMissingComponent: [M:Hummingbird.TestFramework.Automation.Report.FunctionalTestReport.Import(System.String)] Missing &lt;returns&gt; documentation [D:\Projets\Github\hummingbird.testframework.doc\Working\BuildTopics.proj]
BuildAssembler : warning : ShowMissingComponent: [N:Hummingbird.TestFramework.Automation.ResponseConditions] Missing &lt;summary&gt; documentation [D:\Projets\Github\hummingbird.testframework.doc\Working\BuildTopics.proj]
BuildAssembler : warning : ShowMissingComponent: [M:Hummingbird.TestFramework.Automation.ResponseConditions.ResponseCondition.ToString(System.Int32)] Missing &lt;returns&gt; documentation [D:\Projets\Github\hummingbird.testframework.doc\Working\BuildTopics.proj]
BuildAssembler : warning : ShowMissingComponent: [M:Hummingbird.TestFramework.Automation.ResponseConditions.SimpleResponseCondition.ToString(System.Int32)] Missing &lt;returns&gt; documentation [D:\Projets\Github\hummingbird.testframework.doc\Working\BuildTopics.proj]
BuildAssembler : warning : ShowMissingComponent: [N:Hummingbird.TestFramework.CodeGenerator] Missing &lt;summary&gt; documentation [D:\Projets\Github\hummingbird.testframework.doc\Working\BuildTopics.proj]
BuildAssembler : warning : ShowMissingComponent: [M:Hummingbird.TestFramework.CodeGenerator.ProjectGenerator.BuildProject(Hummingbird.TestFramework.ExtensionProject.Project,Microsoft.Build.Framework.ILogger)] Missing &lt;returns&gt; documentation [D:\Projets\Github\hummingbird.testframework.doc\Working\BuildTopics.proj]
BuildAssembler : warning : ShowMissingComponent: [M:Hummingbird.TestFramework.CodeGenerator.ProjectGenerator.GenerateProject(Hummingbird.TestFramework.ExtensionProject.Project,System.String,System.String@)] Missing &lt;returns&gt; documentation [D:\Projets\Github\hummingbird.testframework.doc\Working\BuildTopics.proj]
BuildAssembler : warning : ShowMissingComponent: [N:Hummingbird.TestFramework.Configuration] Missing &lt;summary&gt; documentation [D:\Projets\Github\hummingbird.testframework.doc\Working\BuildTopics.proj]
BuildAssembler : warning : ShowMissingComponent: [M:Hummingbird.TestFramework.Configuration.History.GetSavedRequests(System.Guid)] Missing &lt;returns&gt; documentation [D:\Projets\Github\hummingbird.testframework.doc\Working\BuildTopics.proj]
BuildAssembler : warning : ShowMissingComponent: [M:Hummingbird.TestFramework.Configuration.History.Load] Missing &lt;returns&gt; documentation [D:\Projets\Github\hummingbird.testframework.doc\Working\BuildTopics.proj]
BuildAssembler : warning : ShowMissingComponent: [M:Hummingbird.TestFramework.Configuration.Profile.DeleteProfile(System.String)] Missing &lt;returns&gt; documentation [D:\Projets\Github\hummingbird.testframework.doc\Working\BuildTopics.proj]
BuildAssembler : warning : ShowMissingComponent: [M:Hummingbird.TestFramework.Configuration.Profile.GetProfile(System.String)] Missing &lt;returns&gt; documentation [D:\Projets\Github\hummingbird.testframework.doc\Working\BuildTopics.proj]
BuildAssembler : warning : ShowMissingComponent: [M:Hummingbird.TestFramework.Configuration.Settings.GetCustomParameter(System.Guid,System.String)] Missing &lt;returns&gt; documentation [D:\Projets\Github\hummingbird.testframework.doc\Working\BuildTopics.proj]
BuildAssembler : warning : ShowMissingComponent: [N:Hummingbird.TestFramework.Cryptography] Missing &lt;summary&gt; documentation [D:\Projets\Github\hummingbird.testframework.doc\Working\BuildTopics.proj]
BuildAssembler : warning : ShowMissingComponent: [N:Hummingbird.TestFramework.Extensibility] Missing &lt;summary&gt; documentation [D:\Projets\Github\hummingbird.testframework.doc\Working\BuildTopics.proj]
BuildAssembler : warning : ShowMissingComponent: [M:Hummingbird.TestFramework.Extensibility.ObjectEditorBase.Sync(System.Int32)] Missing &lt;param name=&quot;requestLength&quot;/&gt; documentation [D:\Projets\Github\hummingbird.testframework.doc\Working\BuildTopics.proj]
BuildAssembler : warning : ShowMissingComponent: [N:Hummingbird.TestFramework.ExtensionProject] Missing &lt;summary&gt; documentation [D:\Projets\Github\hummingbird.testframework.doc\Working\BuildTopics.proj]
BuildAssembler : warning : ShowMissingComponent: [M:Hummingbird.TestFramework.ExtensionProject.ExtensionNode.AnalyzeAsync] Missing &lt;returns&gt; documentation [D:\Projets\Github\hummingbird.testframework.doc\Working\BuildTopics.proj]
BuildAssembler : warning : ShowMissingComponent: [M:Hummingbird.TestFramework.ExtensionProject.ExtensionNode.InternalAnalyze] Missing &lt;returns&gt; documentation [D:\Projets\Github\hummingbird.testframework.doc\Working\BuildTopics.proj]
BuildAssembler : warning : ShowMissingComponent: [M:Hummingbird.TestFramework.ExtensionProject.Project.LoadFrom(System.String)] Missing &lt;returns&gt; documentation [D:\Projets\Github\hummingbird.testframework.doc\Working\BuildTopics.proj]
BuildAssembler : warning : ShowMissingComponent: [M:Hummingbird.TestFramework.ExtensionProject.ServiceApplication.InternalAnalyze] Missing &lt;returns&gt; documentation [D:\Projets\Github\hummingbird.testframework.doc\Working\BuildTopics.proj]
BuildAssembler : warning : ShowMissingComponent: [M:Hummingbird.TestFramework.ExtensionProject.ServiceCategory.InternalAnalyze] Missing &lt;returns&gt; documentation [D:\Projets\Github\hummingbird.testframework.doc\Working\BuildTopics.proj]
BuildAssembler : warning : ShowMissingComponent: [M:Hummingbird.TestFramework.Messaging.MessageQueue.Add(Hummingbird.TestFramework.Messaging.Message)] Missing &lt;param name=&quot;message&quot;/&gt; documentation [D:\Projets\Github\hummingbird.testframework.doc\Working\BuildTopics.proj]
BuildAssembler : warning : ShowMissingComponent: [M:Hummingbird.TestFramework.Messaging.MessageQueue.Load] Missing &lt;returns&gt; documentation [D:\Projets\Github\hummingbird.testframework.doc\Working\BuildTopics.proj]
BuildAssembler : warning : ShowMissingComponent: [M:Hummingbird.TestFramework.Messaging.MessageQueue.LoadAsync] Missing &lt;returns&gt; documentation [D:\Projets\Github\hummingbird.testframework.doc\Working\BuildTopics.proj]
BuildAssembler : warning : ShowMissingComponent: [M:Hummingbird.TestFramework.Serialization.AbstractSerializer.Deserialize(System.String,System.Type)] Missing &lt;returns&gt; documentation [D:\Projets\Github\hummingbird.testframework.doc\Working\BuildTopics.proj]
BuildAssembler : warning : ShowMissingComponent: [M:Hummingbird.TestFramework.Serialization.AbstractSerializer.Deserialize(System.String,System.Type,Hummingbird.TestFramework.Services.AbstractMetadata,System.Collections.Generic.List{Hummingbird.TestFramework.Serialization.SerializationException})] Missing &lt;returns&gt; documentation [D:\Projets\Github\hummingbird.testframework.doc\Working\BuildTopics.proj]
BuildAssembler : warning : ShowMissingComponent: [M:Hummingbird.TestFramework.Serialization.AbstractSerializer.GetInstance(System.Type)] Missing &lt;returns&gt; documentation [D:\Projets\Github\hummingbird.testframework.doc\Working\BuildTopics.proj]
BuildAssembler : warning : ShowMissingComponent: [M:Hummingbird.TestFramework.Serialization.AbstractSerializer.GetInstance(System.Type)] Missing &lt;param name=&quot;serializerType&quot;/&gt; documentation [D:\Projets\Github\hummingbird.testframework.doc\Working\BuildTopics.proj]
BuildAssembler : warning : ShowMissingComponent: [M:Hummingbird.TestFramework.Serialization.AbstractSerializer.Serialize(System.Object,System.Type)] Missing &lt;returns&gt; documentation [D:\Projets\Github\hummingbird.testframework.doc\Working\BuildTopics.proj]
BuildAssembler : warning : ShowMissingComponent: [M:Hummingbird.TestFramework.Serialization.AbstractSerializer.Serialize(System.Object,System.Type,Hummingbird.TestFramework.Services.AbstractMetadata)] Missing &lt;returns&gt; documentation [D:\Projets\Github\hummingbird.testframework.doc\Working\BuildTopics.proj]
BuildAssembler : warning : ShowMissingComponent: [M:Hummingbird.TestFramework.Serialization.Base64Serializer.Deserialize(System.String,System.Type,Hummingbird.TestFramework.Services.AbstractMetadata,System.Collections.Generic.List{Hummingbird.TestFramework.Serialization.SerializationException})] Missing &lt;returns&gt; documentation [D:\Projets\Github\hummingbird.testframework.doc\Working\BuildTopics.proj]
BuildAssembler : warning : ShowMissingComponent: [M:Hummingbird.TestFramework.Serialization.Base64Serializer.Serialize(System.Object,System.Type,Hummingbird.TestFramework.Services.AbstractMetadata)] Missing &lt;returns&gt; documentation [D:\Projets\Github\hummingbird.testframework.doc\Working\BuildTopics.proj]
BuildAssembler : warning : ShowMissingComponent: [M:Hummingbird.TestFramework.Serialization.DataContractSerializer.Deserialize(System.String,System.Type,Hummingbird.TestFramework.Services.AbstractMetadata,System.Collections.Generic.List{Hummingbird.TestFramework.Serialization.SerializationException})] Missing &lt;returns&gt; documentation [D:\Projets\Github\hummingbird.testframework.doc\Working\BuildTopics.proj]
BuildAssembler : warning : ShowMissingComponent: [M:Hummingbird.TestFramework.Serialization.DataContractSerializer.Serialize(System.Object,System.Type,Hummingbird.TestFramework.Services.AbstractMetadata)] Missing &lt;returns&gt; documentation [D:\Projets\Github\hummingbird.testframework.doc\Working\BuildTopics.proj]
BuildAssembler : warning : ShowMissingComponent: [M:Hummingbird.TestFramework.Serialization.HttpRequestSerializer.Deserialize(System.String,System.Type,Hummingbird.TestFramework.Services.AbstractMetadata,System.Collections.Generic.List{Hummingbird.TestFramework.Serialization.SerializationException})] Missing &lt;returns&gt; documentation [D:\Projets\Github\hummingbird.testframework.doc\Working\BuildTopics.proj]
BuildAssembler : warning : ShowMissingComponent: [M:Hummingbird.TestFramework.Serialization.HttpRequestSerializer.Serialize(System.Object,System.Type,Hummingbird.TestFramework.Services.AbstractMetadata)] Missing &lt;returns&gt; documentation [D:\Projets\Github\hummingbird.testframework.doc\Working\BuildTopics.proj]
BuildAssembler : warning : ShowMissingComponent: [M:Hummingbird.TestFramework.Serialization.HttpResponseSerializer.Deserialize(System.String,System.Type,Hummingbird.TestFramework.Services.AbstractMetadata,System.Collections.Generic.List{Hummingbird.TestFramework.Serialization.SerializationException})] Missing &lt;returns&gt; documentation [D:\Projets\Github\hummingbird.testframework.doc\Working\BuildTopics.proj]
BuildAssembler : warning : ShowMissingComponent: [M:Hummingbird.TestFramework.Serialization.HttpResponseSerializer.Serialize(System.Object,System.Type,Hummingbird.TestFramework.Services.AbstractMetadata)] Missing &lt;returns&gt; documentation [D:\Projets\Github\hummingbird.testframework.doc\Working\BuildTopics.proj]
BuildAssembler : warning : ShowMissingComponent: [M:Hummingbird.TestFramework.Serialization.JsonSerializer.Deserialize(System.String,System.Type,Hummingbird.TestFramework.Services.AbstractMetadata,System.Collections.Generic.List{Hummingbird.TestFramework.Serialization.SerializationException})] Missing &lt;returns&gt; documentation [D:\Projets\Github\hummingbird.testframework.doc\Working\BuildTopics.proj]
BuildAssembler : warning : ShowMissingComponent: [M:Hummingbird.TestFramework.Serialization.JsonSerializer.Serialize(System.Object,System.Type,Hummingbird.TestFramework.Services.AbstractMetadata)] Missing &lt;returns&gt; documentation [D:\Projets\Github\hummingbird.testframework.doc\Working\BuildTopics.proj]
BuildAssembler : warning : ShowMissingComponent: [M:Hummingbird.TestFramework.Serialization.SoapSerializer.Deserialize(System.String,System.Type,Hummingbird.TestFramework.Services.AbstractMetadata,System.Collections.Generic.List{Hummingbird.TestFramework.Serialization.SerializationException})] Missing &lt;returns&gt; documentation [D:\Projets\Github\hummingbird.testframework.doc\Working\BuildTopics.proj]
BuildAssembler : warning : ShowMissingComponent: [M:Hummingbird.TestFramework.Serialization.SoapSerializer.Serialize(System.Object,System.Type,Hummingbird.TestFramework.Services.AbstractMetadata)] Missing &lt;returns&gt; documentation [D:\Projets\Github\hummingbird.testframework.doc\Working\BuildTopics.proj]
BuildAssembler : warning : ShowMissingComponent: [M:Hummingbird.TestFramework.Serialization.XAMLSerializer.Deserialize(System.String,System.Type,Hummingbird.TestFramework.Services.AbstractMetadata,System.Collections.Generic.List{Hummingbird.TestFramework.Serialization.SerializationException})] Missing &lt;returns&gt; documentation [D:\Projets\Github\hummingbird.testframework.doc\Working\BuildTopics.proj]
BuildAssembler : warning : ShowMissingComponent: [M:Hummingbird.TestFramework.Serialization.XAMLSerializer.Serialize(System.Object,System.Type,Hummingbird.TestFramework.Services.AbstractMetadata)] Missing &lt;returns&gt; documentation [D:\Projets\Github\hummingbird.testframework.doc\Working\BuildTopics.proj]
BuildAssembler : warning : ShowMissingComponent: [M:Hummingbird.TestFramework.Serialization.XmlSerializer.Deserialize(System.String,System.Type,Hummingbird.TestFramework.Services.AbstractMetadata,System.Collections.Generic.List{Hummingbird.TestFramework.Serialization.SerializationException})] Missing &lt;returns&gt; documentation [D:\Projets\Github\hummingbird.testframework.doc\Working\BuildTopics.proj]
BuildAssembler : warning : ShowMissingComponent: [M:Hummingbird.TestFramework.Serialization.XmlSerializer.Serialize(System.Object,System.Type,Hummingbird.TestFramework.Services.AbstractMetadata)] Missing &lt;returns&gt; documentation [D:\Projets\Github\hummingbird.testframework.doc\Working\BuildTopics.proj]
BuildAssembler : warning : ShowMissingComponent: [M:Hummingbird.TestFramework.Serialization.XmlSerializerExtraTypes.Deserialize(System.String,System.Type,Hummingbird.TestFramework.Services.AbstractMetadata,System.Collections.Generic.List{Hummingbird.TestFramework.Serialization.SerializationException})] Missing &lt;returns&gt; documentation [D:\Projets\Github\hummingbird.testframework.doc\Working\BuildTopics.proj]
BuildAssembler : warning : ShowMissingComponent: [M:Hummingbird.TestFramework.Serialization.XmlSerializerExtraTypes.Serialize(System.Object,System.Type,Hummingbird.TestFramework.Services.AbstractMetadata)] Missing &lt;returns&gt; documentation [D:\Projets\Github\hummingbird.testframework.doc\Working\BuildTopics.proj]
BuildAssembler : warning : ShowMissingComponent: [M:Hummingbird.TestFramework.Serialization.XmlSerializerWithoutXmlns.Deserialize(System.String,System.Type,Hummingbird.TestFramework.Services.AbstractMetadata,System.Collections.Generic.List{Hummingbird.TestFramework.Serialization.SerializationException})] Missing &lt;returns&gt; documentation [D:\Projets\Github\hummingbird.testframework.doc\Working\BuildTopics.proj]
BuildAssembler : warning : ShowMissingComponent: [M:Hummingbird.TestFramework.Serialization.XmlSerializerWithoutXmlns.Serialize(System.Object,System.Type,Hummingbird.TestFramework.Services.AbstractMetadata)] Missing &lt;returns&gt; documentation [D:\Projets\Github\hummingbird.testframework.doc\Working\BuildTopics.proj]
BuildAssembler : warning : ShowMissingComponent: [M:Hummingbird.TestFramework.Services.DefaultHttpRequestHandlers.GenericHttpMessageHandler(System.Net.HttpListenerRequest,Hummingbird.TestFramework.Services.HttpResponseMetadata,System.Boolean,Hummingbird.TestFramework.Messaging.Message@)] Missing &lt;returns&gt; documentation [D:\Projets\Github\hummingbird.testframework.doc\Working\BuildTopics.proj]
BuildAssembler : warning : ShowMissingComponent: [M:Hummingbird.TestFramework.Services.HttpResponseEditor.#ctor(Hummingbird.TestFramework.Automation.AbstractTestItem)] Missing &lt;param name=&quot;testItem&quot;/&gt; documentation [D:\Projets\Github\hummingbird.testframework.doc\Working\BuildTopics.proj]
BuildAssembler : warning : ShowMissingComponent: [M:Hummingbird.TestFramework.Services.Parameter.Clone] Missing &lt;returns&gt; documentation [D:\Projets\Github\hummingbird.testframework.doc\Working\BuildTopics.proj]
BuildAssembler : warning : ShowMissingComponent: [M:Hummingbird.TestFramework.Services.SoapDefaultReplyBehavior.Response(System.String,System.Object,System.Type,System.Type)] Missing &lt;returns&gt; documentation [D:\Projets\Github\hummingbird.testframework.doc\Working\BuildTopics.proj]
BuildAssembler : warning : ShowMissingComponent: [M:Hummingbird.TestFramework.Services.WcfServiceBehavior.AddBindingParameters(System.ServiceModel.Description.ServiceDescription,System.ServiceModel.ServiceHostBase,System.Collections.ObjectModel.Collection{System.ServiceModel.Description.ServiceEndpoint},System.ServiceModel.Channels.BindingParameterCollection)] Missing &lt;summary&gt; documentation [D:\Projets\Github\hummingbird.testframework.doc\Working\BuildTopics.proj]
BuildAssembler : warning : ShowMissingComponent: [M:Hummingbird.TestFramework.Services.WcfServiceBehavior.AddBindingParameters(System.ServiceModel.Description.ServiceDescription,System.ServiceModel.ServiceHostBase,System.Collections.ObjectModel.Collection{System.ServiceModel.Description.ServiceEndpoint},System.ServiceModel.Channels.BindingParameterCollection)] Missing &lt;param name=&quot;serviceDescription&quot;/&gt; documentation [D:\Projets\Github\hummingbird.testframework.doc\Working\BuildTopics.proj]
BuildAssembler : warning : ShowMissingComponent: [M:Hummingbird.TestFramework.Services.WcfServiceBehavior.AddBindingParameters(System.ServiceModel.Description.ServiceDescription,System.ServiceModel.ServiceHostBase,System.Collections.ObjectModel.Collection{System.ServiceModel.Description.ServiceEndpoint},System.ServiceModel.Channels.BindingParameterCollection)] Missing &lt;param name=&quot;serviceHostBase&quot;/&gt; documentation [D:\Projets\Github\hummingbird.testframework.doc\Working\BuildTopics.proj]
BuildAssembler : warning : ShowMissingComponent: [M:Hummingbird.TestFramework.Services.WcfServiceBehavior.AddBindingParameters(System.ServiceModel.Description.ServiceDescription,System.ServiceModel.ServiceHostBase,System.Collections.ObjectModel.Collection{System.ServiceModel.Description.ServiceEndpoint},System.ServiceModel.Channels.BindingParameterCollection)] Missing &lt;param name=&quot;endpoints&quot;/&gt; documentation [D:\Projets\Github\hummingbird.testframework.doc\Working\BuildTopics.proj]
BuildAssembler : warning : ShowMissingComponent: [M:Hummingbird.TestFramework.Services.WcfServiceBehavior.AddBindingParameters(System.ServiceModel.Description.ServiceDescription,System.ServiceModel.ServiceHostBase,System.Collections.ObjectModel.Collection{System.ServiceModel.Description.ServiceEndpoint},System.ServiceModel.Channels.BindingParameterCollection)] Missing &lt;param name=&quot;bindingParameters&quot;/&gt; documentation [D:\Projets\Github\hummingbird.testframework.doc\Working\BuildTopics.proj]
BuildAssembler : warning : ShowMissingComponent: [M:Hummingbird.TestFramework.Services.WcfServiceBehavior.ApplyDispatchBehavior(System.ServiceModel.Description.ServiceDescription,System.ServiceModel.ServiceHostBase)] Missing &lt;summary&gt; documentation [D:\Projets\Github\hummingbird.testframework.doc\Working\BuildTopics.proj]
BuildAssembler : warning : ShowMissingComponent: [M:Hummingbird.TestFramework.Services.WcfServiceBehavior.ApplyDispatchBehavior(System.ServiceModel.Description.ServiceDescription,System.ServiceModel.ServiceHostBase)] Missing &lt;param name=&quot;serviceDescription&quot;/&gt; documentation [D:\Projets\Github\hummingbird.testframework.doc\Working\BuildTopics.proj]
BuildAssembler : warning : ShowMissingComponent: [M:Hummingbird.TestFramework.Services.WcfServiceBehavior.ApplyDispatchBehavior(System.ServiceModel.Description.ServiceDescription,System.ServiceModel.ServiceHostBase)] Missing &lt;param name=&quot;serviceHostBase&quot;/&gt; documentation [D:\Projets\Github\hummingbird.testframework.doc\Working\BuildTopics.proj]
BuildAssembler : warning : ShowMissingComponent: [M:Hummingbird.TestFramework.Services.WcfServiceBehavior.Validate(System.ServiceModel.Description.ServiceDescription,System.ServiceModel.ServiceHostBase)] Missing &lt;summary&gt; documentation [D:\Projets\Github\hummingbird.testframework.doc\Working\BuildTopics.proj]
BuildAssembler : warning : ShowMissingComponent: [M:Hummingbird.TestFramework.Services.WcfServiceBehavior.Validate(System.ServiceModel.Description.ServiceDescription,System.ServiceModel.ServiceHostBase)] Missing &lt;param name=&quot;serviceDescription&quot;/&gt; documentation [D:\Projets\Github\hummingbird.testframework.doc\Working\BuildTopics.proj]
BuildAssembler : warning : ShowMissingComponent: [M:Hummingbird.TestFramework.Services.WcfServiceBehavior.Validate(System.ServiceModel.Description.ServiceDescription,System.ServiceModel.ServiceHostBase)] Missing &lt;param name=&quot;serviceHostBase&quot;/&gt; documentation [D:\Projets\Github\hummingbird.testframework.doc\Working\BuildTopics.proj]
BuildAssembler : warning : ShowMissingComponent: [G:Hummingbird.TestFramework.Automation] Missing &lt;summary&gt; documentation [D:\Projets\Github\hummingbird.testframework.doc\Working\BuildTopics.proj]
  Processed 1671 topic(s)
  97 warning(s)
  CopyFromIndexComponent: &quot;metadata&quot; in-memory cache entries used: 1 of 15.
  ResolveArtLinksComponent: Copying media files...
  CopyFromIndexComponent: &quot;reflection&quot; in-memory cache entries used: 15 of 15.
  CopyFromIndexComponent: &quot;comments&quot; in-memory cache entries used: 10 of 30.
Done Building Project &quot;D:\Projets\Github\hummingbird.testframework.doc\Working\BuildTopics.proj&quot; (default targets).
    Last step completed in 00:00:20,3513
</buildStep>
<buildStep step="CombiningIntermediateTocFiles">
Combining conceptual and API intermediate TOC files...
    Last step completed in 00:00:00,0080
</buildStep>
<buildStep step="ExtractingHtmlInfo">
Extracting HTML info for HTML Help 1 and/or website...
[C:\Program Files (x86)\Microsoft Visual Studio\2017\Enterprise\MSBuild\15.0\Bin\MSBuild.exe - ExtractHtmlInfo.proj]
Sandcastle Help File Builder and Tools, version 2018.5.14.0
Copyright ? 2006-2018, Eric Woodruff, All Rights Reserved
E-Mail: Eric@EWoodruff.us

Using LCID &#39;1033&#39;, code page &#39;65001&#39;, encoding charset &#39;UTF-8&#39;.

Processing website files in D:\Projets\Github\hummingbird.testframework.doc\Working\Output\Website
Processed 1671 HTML files
Sorting keywords and generating See Also indices
Saving website keyword index to D:\Projets\Github\hummingbird.testframework.doc\Working\WebKI.xml
Saving website table of contents to D:\Projets\Github\hummingbird.testframework.doc\Working\WebTOC.xml
    Last step completed in 00:00:00,8564
</buildStep>
<buildStep step="CopyStandardHelpContent">
Copying standard help content...
C:\Program Files (x86)\EWSoftware\Sandcastle Help File Builder\PresentationStyles\VS2013\icons\privextension.gif -&gt; D:\Projets\Github\hummingbird.testframework.doc\Working\Output\Website\icons\privextension.gif
C:\Program Files (x86)\EWSoftware\Sandcastle Help File Builder\PresentationStyles\VS2013\icons\protextension.gif -&gt; D:\Projets\Github\hummingbird.testframework.doc\Working\Output\Website\icons\protextension.gif
C:\Program Files (x86)\EWSoftware\Sandcastle Help File Builder\PresentationStyles\VS2013\icons\SectionCollapsed.png -&gt; D:\Projets\Github\hummingbird.testframework.doc\Working\Output\Website\icons\SectionCollapsed.png
C:\Program Files (x86)\EWSoftware\Sandcastle Help File Builder\PresentationStyles\VS2013\icons\SectionExpanded.png -&gt; D:\Projets\Github\hummingbird.testframework.doc\Working\Output\Website\icons\SectionExpanded.png
C:\Program Files (x86)\EWSoftware\Sandcastle Help File Builder\PresentationStyles\VS2013\icons\slMobile.gif -&gt; D:\Projets\Github\hummingbird.testframework.doc\Working\Output\Website\icons\slMobile.gif
C:\Program Files (x86)\EWSoftware\Sandcastle Help File Builder\PresentationStyles\VS2013\icons\static.gif -&gt; D:\Projets\Github\hummingbird.testframework.doc\Working\Output\Website\icons\static.gif
C:\Program Files (x86)\EWSoftware\Sandcastle Help File Builder\PresentationStyles\VS2013\icons\xna.gif -&gt; D:\Projets\Github\hummingbird.testframework.doc\Working\Output\Website\icons\xna.gif
C:\Program Files (x86)\EWSoftware\Sandcastle Help File Builder\PresentationStyles\VS2013\scripts\branding.js -&gt; D:\Projets\Github\hummingbird.testframework.doc\Working\Output\Website\scripts\branding.js
C:\Program Files (x86)\EWSoftware\Sandcastle Help File Builder\PresentationStyles\VS2013\styles\branding-cs-CZ.css -&gt; D:\Projets\Github\hummingbird.testframework.doc\Working\Output\Website\styles\branding-cs-CZ.css
C:\Program Files (x86)\EWSoftware\Sandcastle Help File Builder\PresentationStyles\VS2013\styles\branding-de-DE.css -&gt; D:\Projets\Github\hummingbird.testframework.doc\Working\Output\Website\styles\branding-de-DE.css
C:\Program Files (x86)\EWSoftware\Sandcastle Help File Builder\PresentationStyles\VS2013\styles\branding-en-US.css -&gt; D:\Projets\Github\hummingbird.testframework.doc\Working\Output\Website\styles\branding-en-US.css
C:\Program Files (x86)\EWSoftware\Sandcastle Help File Builder\PresentationStyles\VS2013\styles\branding-es-ES.css -&gt; D:\Projets\Github\hummingbird.testframework.doc\Working\Output\Website\styles\branding-es-ES.css
C:\Program Files (x86)\EWSoftware\Sandcastle Help File Builder\PresentationStyles\VS2013\styles\branding-fr-FR.css -&gt; D:\Projets\Github\hummingbird.testframework.doc\Working\Output\Website\styles\branding-fr-FR.css
C:\Program Files (x86)\EWSoftware\Sandcastle Help File Builder\PresentationStyles\VS2013\styles\branding-Help1.css -&gt; D:\Projets\Github\hummingbird.testframework.doc\Working\Output\Website\styles\branding-Help1.css
C:\Program Files (x86)\EWSoftware\Sandcastle Help File Builder\PresentationStyles\VS2013\styles\branding-HelpViewer.css -&gt; D:\Projets\Github\hummingbird.testframework.doc\Working\Output\Website\styles\branding-HelpViewer.css
C:\Program Files (x86)\EWSoftware\Sandcastle Help File Builder\PresentationStyles\VS2013\styles\branding-it-IT.css -&gt; D:\Projets\Github\hummingbird.testframework.doc\Working\Output\Website\styles\branding-it-IT.css
C:\Program Files (x86)\EWSoftware\Sandcastle Help File Builder\PresentationStyles\VS2013\styles\branding-ja-JP.css -&gt; D:\Projets\Github\hummingbird.testframework.doc\Working\Output\Website\styles\branding-ja-JP.css
C:\Program Files (x86)\EWSoftware\Sandcastle Help File Builder\PresentationStyles\VS2013\styles\branding-ko-KR.css -&gt; D:\Projets\Github\hummingbird.testframework.doc\Working\Output\Website\styles\branding-ko-KR.css
C:\Program Files (x86)\EWSoftware\Sandcastle Help File Builder\PresentationStyles\VS2013\styles\branding-pl-PL.css -&gt; D:\Projets\Github\hummingbird.testframework.doc\Working\Output\Website\styles\branding-pl-PL.css
C:\Program Files (x86)\EWSoftware\Sandcastle Help File Builder\PresentationStyles\VS2013\styles\branding-pt-BR.css -&gt; D:\Projets\Github\hummingbird.testframework.doc\Working\Output\Website\styles\branding-pt-BR.css
C:\Program Files (x86)\EWSoftware\Sandcastle Help File Builder\PresentationStyles\VS2013\styles\branding-ru-RU.css -&gt; D:\Projets\Github\hummingbird.testframework.doc\Working\Output\Website\styles\branding-ru-RU.css
C:\Program Files (x86)\EWSoftware\Sandcastle Help File Builder\PresentationStyles\VS2013\styles\branding-tr-TR.css -&gt; D:\Projets\Github\hummingbird.testframework.doc\Working\Output\Website\styles\branding-tr-TR.css
C:\Program Files (x86)\EWSoftware\Sandcastle Help File Builder\PresentationStyles\VS2013\styles\branding-zh-CN.css -&gt; D:\Projets\Github\hummingbird.testframework.doc\Working\Output\Website\styles\branding-zh-CN.css
C:\Program Files (x86)\EWSoftware\Sandcastle Help File Builder\PresentationStyles\VS2013\styles\branding-zh-TW.css -&gt; D:\Projets\Github\hummingbird.testframework.doc\Working\Output\Website\styles\branding-zh-TW.css
C:\Program Files (x86)\EWSoftware\Sandcastle Help File Builder\PresentationStyles\VS2013\Web\index.html -&gt; D:\Projets\Github\hummingbird.testframework.doc\Working\Output\Website\index.html
C:\Program Files (x86)\EWSoftware\Sandcastle Help File Builder\PresentationStyles\VS2013\Web\search.html -&gt; D:\Projets\Github\hummingbird.testframework.doc\Working\Output\Website\search.html
C:\Program Files (x86)\EWSoftware\Sandcastle Help File Builder\PresentationStyles\VS2013\Web\SearchHelp.aspx -&gt; D:\Projets\Github\hummingbird.testframework.doc\Working\Output\Website\SearchHelp.aspx
C:\Program Files (x86)\EWSoftware\Sandcastle Help File Builder\PresentationStyles\VS2013\Web\SearchHelp.inc.php -&gt; D:\Projets\Github\hummingbird.testframework.doc\Working\Output\Website\SearchHelp.inc.php
C:\Program Files (x86)\EWSoftware\Sandcastle Help File Builder\PresentationStyles\VS2013\Web\SearchHelp.php -&gt; D:\Projets\Github\hummingbird.testframework.doc\Working\Output\Website\SearchHelp.php
C:\Program Files (x86)\EWSoftware\Sandcastle Help File Builder\PresentationStyles\VS2013\Web\Web.Config -&gt; D:\Projets\Github\hummingbird.testframework.doc\Working\Output\Website\Web.Config
C:\Program Files (x86)\EWSoftware\Sandcastle Help File Builder\PresentationStyles\VS2013\Web\html\GeneralError.htm -&gt; D:\Projets\Github\hummingbird.testframework.doc\Working\Output\Website\html\GeneralError.htm
C:\Program Files (x86)\EWSoftware\Sandcastle Help File Builder\PresentationStyles\VS2013\Web\html\PageNotFound.htm -&gt; D:\Projets\Github\hummingbird.testframework.doc\Working\Output\Website\html\PageNotFound.htm
C:\Program Files (x86)\EWSoftware\Sandcastle Help File Builder\PresentationStyles\VS2013\Web\scripts\branding-Website.js -&gt; D:\Projets\Github\hummingbird.testframework.doc\Working\Output\Website\scripts\branding-Website.js
C:\Program Files (x86)\EWSoftware\Sandcastle Help File Builder\PresentationStyles\VS2013\Web\scripts\clipboard.min.js -&gt; D:\Projets\Github\hummingbird.testframework.doc\Working\Output\Website\scripts\clipboard.min.js
C:\Program Files (x86)\EWSoftware\Sandcastle Help File Builder\PresentationStyles\VS2013\Web\scripts\jquery-1.11.0.min.js -&gt; D:\Projets\Github\hummingbird.testframework.doc\Working\Output\Website\scripts\jquery-1.11.0.min.js
    Last step completed in 00:00:00,4794
</buildStep>
<buildStep step="GenerateHelpFormatTableOfContents">
Generating website table of contents file...
    Last step completed in 00:00:00,0010
</buildStep>
<buildStep step="GenerateFullTextIndex">
Generating full-text index for the website...

<plugIn name="Lightweight Website Style" behavior="After" priority="1000">
Adding lightweight search and TOC elements to each topic...
</plugIn>    Last step completed in 00:00:02,6977
</buildStep>
<buildStep step="CopyingWebsiteFiles">
Copying website files to output folder...

Copied 500 files
Copied 1000 files
Copied 1500 files
Copied 2000 files
Copied 2275 files for the website content
    Last step completed in 00:00:03,0331
</buildStep>
<buildStep step="CleanIntermediates">
Removing intermediate files...
    Last step completed in 00:00:00,4559
</buildStep>
<buildStep step="Completed">

Build completed successfully at 13/08/2018 10:59:50.  Total time: 00:00:46,8276

</buildStep>
</shfbBuild>
